{"contracts/Diamond.sol":{"l":{"18":0,"20":0,"26":0,"27":0,"29":0,"33":0,"34":0,"36":0},"path":"/Users/mohamedtaha/Desktop/work/marhaba-defi/nft_souq_contracts/diamon-2-hardhat/contracts/Diamond.sol","s":{"1":0,"2":0,"3":0,"4":0,"5":0,"6":0},"b":{"1":[0,0]},"f":{"1":0,"2":0},"fnMap":{"1":{"name":"constructor","line":17,"loc":{"start":{"line":17,"column":4},"end":{"line":21,"column":4}}},"2":{"name":null,"line":25,"loc":{"start":{"line":25,"column":4},"end":{"line":52,"column":4}}}},"statementMap":{"1":{"start":{"line":18,"column":8},"end":{"line":18,"column":50}},"2":{"start":{"line":20,"column":8},"end":{"line":20,"column":134}},"3":{"start":{"line":26,"column":8},"end":{"line":26,"column":44}},"4":{"start":{"line":27,"column":8},"end":{"line":27,"column":62}},"5":{"start":{"line":33,"column":8},"end":{"line":33,"column":60}},"6":{"start":{"line":34,"column":8},"end":{"line":34,"column":71}}},"branchMap":{"1":{"line":34,"type":"if","locations":[{"start":{"line":34,"column":8},"end":{"line":34,"column":8}},{"start":{"line":34,"column":8},"end":{"line":34,"column":8}}]}}},"contracts/ERC1155.sol":{"l":{"42":0,"43":0,"50":0,"67":0,"78":0,"79":0,"96":0,"98":0,"100":0,"101":0,"104":0,"111":0,"118":0,"131":0,"135":0,"148":0,"152":0,"174":0,"176":0,"178":0,"180":0,"181":0,"182":0,"183":0,"185":0,"187":0,"189":0,"209":0,"210":0,"212":0,"214":0,"216":0,"217":0,"218":0,"220":0,"221":0,"222":0,"223":0,"225":0,"228":0,"230":0,"253":0,"273":0,"275":0,"277":0,"279":0,"280":0,"282":0,"300":0,"301":0,"303":0,"305":0,"307":0,"308":0,"311":0,"313":0,"329":0,"331":0,"333":0,"335":0,"336":0,"337":0,"338":0,"341":0,"356":0,"357":0,"359":0,"361":0,"363":0,"364":0,"365":0,"367":0,"368":0,"369":0,"370":0,"374":0,"387":0,"388":0,"389":0,"429":0,"430":0,"431":0,"432":0,"435":0,"437":0,"450":0,"451":0,"454":0,"455":0,"458":0,"460":0,"466":0,"467":0,"469":0},"path":"/Users/mohamedtaha/Desktop/work/marhaba-defi/nft_souq_contracts/diamon-2-hardhat/contracts/ERC1155.sol","s":{"1":0,"2":0,"3":0,"4":0,"5":0,"6":0,"7":0,"8":0,"9":0,"10":0,"11":0,"12":0,"13":0,"14":0,"15":0,"16":0,"17":0,"18":0,"19":0,"20":0,"21":0,"22":0,"23":0,"24":0,"25":0,"26":0,"27":0,"28":0,"29":0,"30":0,"31":0,"32":0,"33":0,"34":0,"35":0,"36":0,"37":0,"38":0,"39":0,"40":0,"41":0,"42":0,"43":0,"44":0,"45":0,"46":0,"47":0,"48":0,"49":0,"50":0,"51":0,"52":0,"53":0,"54":0,"55":0,"56":0,"57":0,"58":0,"59":0,"60":0,"61":0,"62":0,"63":0,"64":0,"65":0,"66":0,"67":0,"68":0,"69":0,"70":0,"71":0,"72":0,"73":0,"74":0,"75":0,"76":0,"77":0,"78":0,"79":0,"80":0,"81":0,"82":0,"83":0,"84":0,"85":0,"86":0,"87":0,"88":0,"89":0,"90":0},"b":{"1":[0,0],"2":[0,0],"3":[0,0],"4":[0,0],"5":[0,0],"6":[0,0],"7":[0,0],"8":[0,0],"9":[0,0],"10":[0,0],"11":[0,0],"12":[0,0],"13":[0,0],"14":[0,0],"15":[0,0],"16":[0,0],"17":[0,0],"18":[0,0],"19":[0,0],"20":[0,0],"21":[0,0],"22":[0,0]},"f":{"1":0,"2":0,"3":0,"4":0,"5":0,"6":0,"7":0,"8":0,"9":0,"10":0,"11":0,"12":0,"13":0,"14":0,"15":0,"16":0,"17":0,"18":0,"19":0,"20":0,"21":0},"fnMap":{"1":{"name":"constructor","line":41,"loc":{"start":{"line":41,"column":4},"end":{"line":44,"column":4}}},"2":{"name":"supportsInterface","line":49,"loc":{"start":{"line":49,"column":4},"end":{"line":54,"column":4}}},"3":{"name":"uri","line":66,"loc":{"start":{"line":66,"column":4},"end":{"line":68,"column":4}}},"4":{"name":"balanceOf","line":77,"loc":{"start":{"line":77,"column":4},"end":{"line":80,"column":4}}},"5":{"name":"balanceOfBatch","line":89,"loc":{"start":{"line":89,"column":4},"end":{"line":105,"column":4}}},"6":{"name":"setApprovalForAll","line":110,"loc":{"start":{"line":110,"column":4},"end":{"line":112,"column":4}}},"7":{"name":"isApprovedForAll","line":117,"loc":{"start":{"line":117,"column":4},"end":{"line":119,"column":4}}},"8":{"name":"safeTransferFrom","line":124,"loc":{"start":{"line":124,"column":4},"end":{"line":136,"column":4}}},"9":{"name":"safeBatchTransferFrom","line":141,"loc":{"start":{"line":141,"column":4},"end":{"line":153,"column":4}}},"10":{"name":"_safeTransferFrom","line":167,"loc":{"start":{"line":167,"column":4},"end":{"line":190,"column":4}}},"11":{"name":"_safeBatchTransferFrom","line":202,"loc":{"start":{"line":202,"column":4},"end":{"line":231,"column":4}}},"12":{"name":"_setURI","line":252,"loc":{"start":{"line":252,"column":4},"end":{"line":254,"column":4}}},"13":{"name":"_mint","line":267,"loc":{"start":{"line":267,"column":4},"end":{"line":283,"column":4}}},"14":{"name":"_mintBatch","line":294,"loc":{"start":{"line":294,"column":4},"end":{"line":314,"column":4}}},"15":{"name":"_burn","line":324,"loc":{"start":{"line":324,"column":4},"end":{"line":342,"column":4}}},"16":{"name":"_burnBatch","line":351,"loc":{"start":{"line":351,"column":4},"end":{"line":375,"column":4}}},"17":{"name":"_setApprovalForAll","line":382,"loc":{"start":{"line":382,"column":4},"end":{"line":390,"column":4}}},"18":{"name":"_beforeTokenTransfer","line":412,"loc":{"start":{"line":412,"column":4},"end":{"line":419,"column":24}}},"19":{"name":"_doSafeTransferAcceptanceCheck","line":421,"loc":{"start":{"line":421,"column":4},"end":{"line":440,"column":4}}},"20":{"name":"_doSafeBatchTransferAcceptanceCheck","line":442,"loc":{"start":{"line":442,"column":4},"end":{"line":463,"column":4}}},"21":{"name":"_asSingletonArray","line":465,"loc":{"start":{"line":465,"column":4},"end":{"line":470,"column":4}}}},"statementMap":{"1":{"start":{"line":42,"column":8},"end":{"line":42,"column":19}},"2":{"start":{"line":43,"column":8},"end":{"line":43,"column":23}},"3":{"start":{"line":50,"column":8},"end":{"line":50,"column":1691}},"4":{"start":{"line":67,"column":8},"end":{"line":67,"column":19}},"5":{"start":{"line":78,"column":8},"end":{"line":78,"column":84}},"6":{"start":{"line":79,"column":8},"end":{"line":79,"column":37}},"7":{"start":{"line":96,"column":8},"end":{"line":96,"column":90}},"8":{"start":{"line":98,"column":8},"end":{"line":98,"column":71}},"9":{"start":{"line":100,"column":8},"end":{"line":100,"column":3218}},"10":{"start":{"line":101,"column":12},"end":{"line":101,"column":60}},"11":{"start":{"line":104,"column":8},"end":{"line":104,"column":28}},"12":{"start":{"line":111,"column":8},"end":{"line":111,"column":59}},"13":{"start":{"line":118,"column":8},"end":{"line":118,"column":52}},"14":{"start":{"line":131,"column":8},"end":{"line":131,"column":4075}},"15":{"start":{"line":135,"column":8},"end":{"line":135,"column":52}},"16":{"start":{"line":148,"column":8},"end":{"line":148,"column":4561}},"17":{"start":{"line":152,"column":8},"end":{"line":152,"column":59}},"18":{"start":{"line":174,"column":8},"end":{"line":174,"column":73}},"19":{"start":{"line":176,"column":8},"end":{"line":176,"column":39}},"20":{"start":{"line":178,"column":8},"end":{"line":178,"column":103}},"21":{"start":{"line":180,"column":8},"end":{"line":180,"column":49}},"22":{"start":{"line":181,"column":8},"end":{"line":181,"column":83}},"23":{"start":{"line":183,"column":12},"end":{"line":183,"column":53}},"24":{"start":{"line":185,"column":8},"end":{"line":185,"column":34}},"25":{"start":{"line":187,"column":8},"end":{"line":187,"column":59}},"26":{"start":{"line":189,"column":8},"end":{"line":189,"column":75}},"27":{"start":{"line":209,"column":8},"end":{"line":209,"column":88}},"28":{"start":{"line":210,"column":8},"end":{"line":210,"column":73}},"29":{"start":{"line":212,"column":8},"end":{"line":212,"column":39}},"30":{"start":{"line":214,"column":8},"end":{"line":214,"column":67}},"31":{"start":{"line":216,"column":8},"end":{"line":216,"column":6859}},"32":{"start":{"line":217,"column":12},"end":{"line":217,"column":31}},"33":{"start":{"line":218,"column":12},"end":{"line":218,"column":39}},"34":{"start":{"line":220,"column":12},"end":{"line":220,"column":53}},"35":{"start":{"line":221,"column":12},"end":{"line":221,"column":87}},"36":{"start":{"line":223,"column":16},"end":{"line":223,"column":57}},"37":{"start":{"line":225,"column":12},"end":{"line":225,"column":38}},"38":{"start":{"line":228,"column":8},"end":{"line":228,"column":60}},"39":{"start":{"line":230,"column":8},"end":{"line":230,"column":82}},"40":{"start":{"line":253,"column":8},"end":{"line":253,"column":20}},"41":{"start":{"line":273,"column":8},"end":{"line":273,"column":69}},"42":{"start":{"line":275,"column":8},"end":{"line":275,"column":39}},"43":{"start":{"line":277,"column":8},"end":{"line":277,"column":109}},"44":{"start":{"line":279,"column":8},"end":{"line":279,"column":34}},"45":{"start":{"line":280,"column":8},"end":{"line":280,"column":65}},"46":{"start":{"line":282,"column":8},"end":{"line":282,"column":81}},"47":{"start":{"line":300,"column":8},"end":{"line":300,"column":69}},"48":{"start":{"line":301,"column":8},"end":{"line":301,"column":88}},"49":{"start":{"line":303,"column":8},"end":{"line":303,"column":39}},"50":{"start":{"line":305,"column":8},"end":{"line":305,"column":73}},"51":{"start":{"line":307,"column":8},"end":{"line":307,"column":10052}},"52":{"start":{"line":308,"column":12},"end":{"line":308,"column":46}},"53":{"start":{"line":311,"column":8},"end":{"line":311,"column":66}},"54":{"start":{"line":313,"column":8},"end":{"line":313,"column":88}},"55":{"start":{"line":329,"column":8},"end":{"line":329,"column":73}},"56":{"start":{"line":331,"column":8},"end":{"line":331,"column":39}},"57":{"start":{"line":333,"column":8},"end":{"line":333,"column":109}},"58":{"start":{"line":335,"column":8},"end":{"line":335,"column":49}},"59":{"start":{"line":336,"column":8},"end":{"line":336,"column":77}},"60":{"start":{"line":338,"column":12},"end":{"line":338,"column":53}},"61":{"start":{"line":341,"column":8},"end":{"line":341,"column":67}},"62":{"start":{"line":356,"column":8},"end":{"line":356,"column":73}},"63":{"start":{"line":357,"column":8},"end":{"line":357,"column":88}},"64":{"start":{"line":359,"column":8},"end":{"line":359,"column":39}},"65":{"start":{"line":361,"column":8},"end":{"line":361,"column":73}},"66":{"start":{"line":363,"column":8},"end":{"line":363,"column":11810}},"67":{"start":{"line":364,"column":12},"end":{"line":364,"column":31}},"68":{"start":{"line":365,"column":12},"end":{"line":365,"column":39}},"69":{"start":{"line":367,"column":12},"end":{"line":367,"column":53}},"70":{"start":{"line":368,"column":12},"end":{"line":368,"column":81}},"71":{"start":{"line":370,"column":16},"end":{"line":370,"column":57}},"72":{"start":{"line":374,"column":8},"end":{"line":374,"column":68}},"73":{"start":{"line":387,"column":8},"end":{"line":387,"column":78}},"74":{"start":{"line":388,"column":8},"end":{"line":388,"column":53}},"75":{"start":{"line":389,"column":8},"end":{"line":389,"column":54}},"76":{"start":{"line":429,"column":8},"end":{"line":429,"column":14066}},"77":{"start":{"line":430,"column":12},"end":{"line":430,"column":14105}},"78":{"start":{"line":431,"column":16},"end":{"line":431,"column":14230}},"79":{"start":{"line":432,"column":20},"end":{"line":432,"column":69}},"80":{"start":{"line":435,"column":16},"end":{"line":435,"column":29}},"81":{"start":{"line":437,"column":16},"end":{"line":437,"column":77}},"82":{"start":{"line":450,"column":8},"end":{"line":450,"column":14822}},"83":{"start":{"line":451,"column":12},"end":{"line":451,"column":14861}},"84":{"start":{"line":454,"column":16},"end":{"line":454,"column":15023}},"85":{"start":{"line":455,"column":20},"end":{"line":455,"column":69}},"86":{"start":{"line":458,"column":16},"end":{"line":458,"column":29}},"87":{"start":{"line":460,"column":16},"end":{"line":460,"column":77}},"88":{"start":{"line":466,"column":8},"end":{"line":466,"column":49}},"89":{"start":{"line":467,"column":8},"end":{"line":467,"column":25}},"90":{"start":{"line":469,"column":8},"end":{"line":469,"column":20}}},"branchMap":{"1":{"line":78,"type":"if","locations":[{"start":{"line":78,"column":8},"end":{"line":78,"column":8}},{"start":{"line":78,"column":8},"end":{"line":78,"column":8}}]},"2":{"line":96,"type":"if","locations":[{"start":{"line":96,"column":8},"end":{"line":96,"column":8}},{"start":{"line":96,"column":8},"end":{"line":96,"column":8}}]},"3":{"line":131,"type":"if","locations":[{"start":{"line":131,"column":8},"end":{"line":131,"column":8}},{"start":{"line":131,"column":8},"end":{"line":131,"column":8}}]},"4":{"line":148,"type":"if","locations":[{"start":{"line":148,"column":8},"end":{"line":148,"column":8}},{"start":{"line":148,"column":8},"end":{"line":148,"column":8}}]},"5":{"line":174,"type":"if","locations":[{"start":{"line":174,"column":8},"end":{"line":174,"column":8}},{"start":{"line":174,"column":8},"end":{"line":174,"column":8}}]},"6":{"line":181,"type":"if","locations":[{"start":{"line":181,"column":8},"end":{"line":181,"column":8}},{"start":{"line":181,"column":8},"end":{"line":181,"column":8}}]},"7":{"line":209,"type":"if","locations":[{"start":{"line":209,"column":8},"end":{"line":209,"column":8}},{"start":{"line":209,"column":8},"end":{"line":209,"column":8}}]},"8":{"line":210,"type":"if","locations":[{"start":{"line":210,"column":8},"end":{"line":210,"column":8}},{"start":{"line":210,"column":8},"end":{"line":210,"column":8}}]},"9":{"line":221,"type":"if","locations":[{"start":{"line":221,"column":12},"end":{"line":221,"column":12}},{"start":{"line":221,"column":12},"end":{"line":221,"column":12}}]},"10":{"line":273,"type":"if","locations":[{"start":{"line":273,"column":8},"end":{"line":273,"column":8}},{"start":{"line":273,"column":8},"end":{"line":273,"column":8}}]},"11":{"line":300,"type":"if","locations":[{"start":{"line":300,"column":8},"end":{"line":300,"column":8}},{"start":{"line":300,"column":8},"end":{"line":300,"column":8}}]},"12":{"line":301,"type":"if","locations":[{"start":{"line":301,"column":8},"end":{"line":301,"column":8}},{"start":{"line":301,"column":8},"end":{"line":301,"column":8}}]},"13":{"line":329,"type":"if","locations":[{"start":{"line":329,"column":8},"end":{"line":329,"column":8}},{"start":{"line":329,"column":8},"end":{"line":329,"column":8}}]},"14":{"line":336,"type":"if","locations":[{"start":{"line":336,"column":8},"end":{"line":336,"column":8}},{"start":{"line":336,"column":8},"end":{"line":336,"column":8}}]},"15":{"line":356,"type":"if","locations":[{"start":{"line":356,"column":8},"end":{"line":356,"column":8}},{"start":{"line":356,"column":8},"end":{"line":356,"column":8}}]},"16":{"line":357,"type":"if","locations":[{"start":{"line":357,"column":8},"end":{"line":357,"column":8}},{"start":{"line":357,"column":8},"end":{"line":357,"column":8}}]},"17":{"line":368,"type":"if","locations":[{"start":{"line":368,"column":12},"end":{"line":368,"column":12}},{"start":{"line":368,"column":12},"end":{"line":368,"column":12}}]},"18":{"line":387,"type":"if","locations":[{"start":{"line":387,"column":8},"end":{"line":387,"column":8}},{"start":{"line":387,"column":8},"end":{"line":387,"column":8}}]},"19":{"line":429,"type":"if","locations":[{"start":{"line":429,"column":8},"end":{"line":429,"column":8}},{"start":{"line":429,"column":8},"end":{"line":429,"column":8}}]},"20":{"line":431,"type":"if","locations":[{"start":{"line":431,"column":16},"end":{"line":431,"column":16}},{"start":{"line":431,"column":16},"end":{"line":431,"column":16}}]},"21":{"line":450,"type":"if","locations":[{"start":{"line":450,"column":8},"end":{"line":450,"column":8}},{"start":{"line":450,"column":8},"end":{"line":450,"column":8}}]},"22":{"line":454,"type":"if","locations":[{"start":{"line":454,"column":16},"end":{"line":454,"column":16}},{"start":{"line":454,"column":16},"end":{"line":454,"column":16}}]}}},"contracts/ERC2981.sol":{"l":{"39":0,"43":0,"44":0,"45":0,"47":0,"48":0,"49":0,"51":0,"60":0,"73":0,"75":0,"77":0,"78":0,"79":0,"80":0,"82":0,"83":0,"84":0,"85":0,"86":0,"87":0,"94":0,"111":0,"113":0,"115":0,"116":0,"117":0,"118":0,"120":0,"121":0,"122":0,"123":0,"124":0,"125":0,"132":0},"path":"/Users/mohamedtaha/Desktop/work/marhaba-defi/nft_souq_contracts/diamon-2-hardhat/contracts/ERC2981.sol","s":{"1":0,"2":0,"3":0,"4":0,"5":0,"6":0,"7":0,"8":0,"9":0,"10":0,"11":0,"12":0,"13":0,"14":0,"15":0,"16":0,"17":0,"18":0,"19":0,"20":0,"21":0,"22":0,"23":0,"24":0,"25":0,"26":0,"27":0,"28":0,"29":0,"30":0,"31":0,"32":0,"33":0},"b":{"1":[0,0],"2":[0,0],"3":[0,0],"4":[0,0],"5":[0,0],"6":[0,0],"7":[0,0],"8":[0,0],"9":[0,0]},"f":{"1":0,"2":0,"3":0,"4":0,"5":0,"6":0,"7":0},"fnMap":{"1":{"name":"supportsInterface","line":38,"loc":{"start":{"line":38,"column":4},"end":{"line":40,"column":4}}},"2":{"name":"royaltyInfo","line":42,"loc":{"start":{"line":42,"column":4},"end":{"line":52,"column":4}}},"3":{"name":"_feeDenominator","line":59,"loc":{"start":{"line":59,"column":4},"end":{"line":61,"column":4}}},"4":{"name":"_setDefaultRoyalty","line":71,"loc":{"start":{"line":71,"column":4},"end":{"line":88,"column":4}}},"5":{"name":"_deleteDefaultRoyalty","line":93,"loc":{"start":{"line":93,"column":4},"end":{"line":95,"column":4}}},"6":{"name":"_setTokenRoyalty","line":105,"loc":{"start":{"line":105,"column":4},"end":{"line":126,"column":4}}},"7":{"name":"_resetTokenRoyalty","line":131,"loc":{"start":{"line":131,"column":4},"end":{"line":133,"column":4}}}},"statementMap":{"1":{"start":{"line":39,"column":8},"end":{"line":39,"column":96}},"2":{"start":{"line":43,"column":8},"end":{"line":43,"column":64}},"3":{"start":{"line":44,"column":8},"end":{"line":44,"column":1851}},"4":{"start":{"line":45,"column":12},"end":{"line":45,"column":40}},"5":{"start":{"line":47,"column":8},"end":{"line":47,"column":79}},"6":{"start":{"line":48,"column":8},"end":{"line":48,"column":2029}},"7":{"start":{"line":49,"column":12},"end":{"line":49,"column":92}},"8":{"start":{"line":51,"column":8},"end":{"line":51,"column":48}},"9":{"start":{"line":60,"column":8},"end":{"line":60,"column":20}},"10":{"start":{"line":73,"column":8},"end":{"line":73,"column":66}},"11":{"start":{"line":75,"column":8},"end":{"line":75,"column":74}},"12":{"start":{"line":77,"column":8},"end":{"line":77,"column":102}},"13":{"start":{"line":78,"column":8},"end":{"line":78,"column":32}},"14":{"start":{"line":79,"column":8},"end":{"line":79,"column":3448}},"15":{"start":{"line":80,"column":12},"end":{"line":80,"column":47}},"16":{"start":{"line":82,"column":8},"end":{"line":82,"column":100}},"17":{"start":{"line":83,"column":8},"end":{"line":83,"column":36}},"18":{"start":{"line":84,"column":8},"end":{"line":84,"column":37}},"19":{"start":{"line":85,"column":8},"end":{"line":85,"column":28}},"20":{"start":{"line":86,"column":8},"end":{"line":86,"column":34}},"21":{"start":{"line":87,"column":8},"end":{"line":87,"column":68}},"22":{"start":{"line":111,"column":8},"end":{"line":111,"column":66}},"23":{"start":{"line":113,"column":8},"end":{"line":113,"column":74}},"24":{"start":{"line":115,"column":8},"end":{"line":115,"column":102}},"25":{"start":{"line":116,"column":8},"end":{"line":116,"column":32}},"26":{"start":{"line":117,"column":8},"end":{"line":117,"column":4945}},"27":{"start":{"line":118,"column":12},"end":{"line":118,"column":47}},"28":{"start":{"line":120,"column":8},"end":{"line":120,"column":100}},"29":{"start":{"line":121,"column":8},"end":{"line":121,"column":36}},"30":{"start":{"line":122,"column":8},"end":{"line":122,"column":37}},"31":{"start":{"line":123,"column":8},"end":{"line":123,"column":28}},"32":{"start":{"line":124,"column":8},"end":{"line":124,"column":34}},"33":{"start":{"line":125,"column":8},"end":{"line":125,"column":75}}},"branchMap":{"1":{"line":44,"type":"if","locations":[{"start":{"line":44,"column":8},"end":{"line":44,"column":8}},{"start":{"line":44,"column":8},"end":{"line":44,"column":8}}]},"2":{"line":73,"type":"if","locations":[{"start":{"line":73,"column":8},"end":{"line":73,"column":8}},{"start":{"line":73,"column":8},"end":{"line":73,"column":8}}]},"3":{"line":75,"type":"if","locations":[{"start":{"line":75,"column":8},"end":{"line":75,"column":8}},{"start":{"line":75,"column":8},"end":{"line":75,"column":8}}]},"4":{"line":77,"type":"if","locations":[{"start":{"line":77,"column":8},"end":{"line":77,"column":8}},{"start":{"line":77,"column":8},"end":{"line":77,"column":8}}]},"5":{"line":82,"type":"if","locations":[{"start":{"line":82,"column":8},"end":{"line":82,"column":8}},{"start":{"line":82,"column":8},"end":{"line":82,"column":8}}]},"6":{"line":111,"type":"if","locations":[{"start":{"line":111,"column":8},"end":{"line":111,"column":8}},{"start":{"line":111,"column":8},"end":{"line":111,"column":8}}]},"7":{"line":113,"type":"if","locations":[{"start":{"line":113,"column":8},"end":{"line":113,"column":8}},{"start":{"line":113,"column":8},"end":{"line":113,"column":8}}]},"8":{"line":115,"type":"if","locations":[{"start":{"line":115,"column":8},"end":{"line":115,"column":8}},{"start":{"line":115,"column":8},"end":{"line":115,"column":8}}]},"9":{"line":120,"type":"if","locations":[{"start":{"line":120,"column":8},"end":{"line":120,"column":8}},{"start":{"line":120,"column":8},"end":{"line":120,"column":8}}]}}},"contracts/ERC4973.sol":{"l":{"20":0,"21":0,"25":0,"32":0,"36":0,"40":0,"41":0,"45":0,"46":0,"50":0,"51":0,"52":0,"56":0,"64":0,"65":0,"66":0,"67":0,"68":0,"72":0,"74":0,"75":0,"77":0},"path":"/Users/mohamedtaha/Desktop/work/marhaba-defi/nft_souq_contracts/diamon-2-hardhat/contracts/ERC4973.sol","s":{"1":0,"2":0,"3":0,"4":0,"5":0,"6":0,"7":0,"8":0,"9":0,"10":0,"11":0,"12":0,"13":0,"14":0,"15":0,"16":0,"17":0,"18":0,"19":0,"20":0},"b":{"1":[0,0],"2":[0,0],"3":[0,0],"4":[0,0]},"f":{"1":0,"2":0,"3":0,"4":0,"5":0,"6":0,"7":0,"8":0,"9":0,"10":0},"fnMap":{"1":{"name":"constructor","line":16,"loc":{"start":{"line":16,"column":2},"end":{"line":22,"column":2}}},"2":{"name":"supportsInterface","line":24,"loc":{"start":{"line":24,"column":2},"end":{"line":29,"column":2}}},"3":{"name":"name","line":31,"loc":{"start":{"line":31,"column":2},"end":{"line":33,"column":2}}},"4":{"name":"symbol","line":35,"loc":{"start":{"line":35,"column":2},"end":{"line":37,"column":2}}},"5":{"name":"tokenURI","line":39,"loc":{"start":{"line":39,"column":2},"end":{"line":42,"column":2}}},"6":{"name":"burn","line":44,"loc":{"start":{"line":44,"column":2},"end":{"line":47,"column":2}}},"7":{"name":"ownerOf","line":49,"loc":{"start":{"line":49,"column":2},"end":{"line":53,"column":2}}},"8":{"name":"_exists","line":55,"loc":{"start":{"line":55,"column":2},"end":{"line":57,"column":2}}},"9":{"name":"_mint","line":59,"loc":{"start":{"line":59,"column":2},"end":{"line":69,"column":2}}},"10":{"name":"_burn","line":71,"loc":{"start":{"line":71,"column":2},"end":{"line":78,"column":2}}}},"statementMap":{"1":{"start":{"line":20,"column":4},"end":{"line":20,"column":16}},"2":{"start":{"line":21,"column":4},"end":{"line":21,"column":20}},"3":{"start":{"line":25,"column":4},"end":{"line":25,"column":712}},"4":{"start":{"line":32,"column":4},"end":{"line":32,"column":16}},"5":{"start":{"line":36,"column":4},"end":{"line":36,"column":18}},"6":{"start":{"line":40,"column":4},"end":{"line":40,"column":61}},"7":{"start":{"line":41,"column":4},"end":{"line":41,"column":30}},"8":{"start":{"line":45,"column":4},"end":{"line":45,"column":73}},"9":{"start":{"line":46,"column":4},"end":{"line":46,"column":18}},"10":{"start":{"line":50,"column":4},"end":{"line":50,"column":36}},"11":{"start":{"line":51,"column":4},"end":{"line":51,"column":63}},"12":{"start":{"line":52,"column":4},"end":{"line":52,"column":16}},"13":{"start":{"line":56,"column":4},"end":{"line":56,"column":41}},"14":{"start":{"line":64,"column":4},"end":{"line":64,"column":53}},"15":{"start":{"line":65,"column":4},"end":{"line":65,"column":24}},"16":{"start":{"line":66,"column":4},"end":{"line":66,"column":28}},"17":{"start":{"line":67,"column":4},"end":{"line":67,"column":28}},"18":{"start":{"line":68,"column":4},"end":{"line":68,"column":18}},"19":{"start":{"line":72,"column":4},"end":{"line":72,"column":36}},"20":{"start":{"line":77,"column":4},"end":{"line":77,"column":31}}},"branchMap":{"1":{"line":40,"type":"if","locations":[{"start":{"line":40,"column":4},"end":{"line":40,"column":4}},{"start":{"line":40,"column":4},"end":{"line":40,"column":4}}]},"2":{"line":45,"type":"if","locations":[{"start":{"line":45,"column":4},"end":{"line":45,"column":4}},{"start":{"line":45,"column":4},"end":{"line":45,"column":4}}]},"3":{"line":51,"type":"if","locations":[{"start":{"line":51,"column":4},"end":{"line":51,"column":4}},{"start":{"line":51,"column":4},"end":{"line":51,"column":4}}]},"4":{"line":64,"type":"if","locations":[{"start":{"line":64,"column":4},"end":{"line":64,"column":4}},{"start":{"line":64,"column":4},"end":{"line":64,"column":4}}]}}},"contracts/ERC721A.sol":{"l":{"98":0,"99":0,"100":0,"108":0,"115":0,"126":0,"127":0,"137":0,"138":0,"146":0,"156":0,"166":0,"167":0,"174":0,"181":0,"188":0,"196":0,"197":0,"198":0,"201":0,"202":0,"209":0,"211":0,"212":0,"213":0,"214":0,"216":0,"224":0,"225":0,"227":0,"231":0,"238":0,"239":0,"240":0,"247":0,"254":0,"255":0,"264":0,"271":0,"278":0,"285":0,"292":0,"294":0,"295":0,"304":0,"311":0,"320":0,"329":0,"330":0,"332":0,"333":0,"334":0,"337":0,"338":0,"345":0,"347":0,"354":0,"356":0,"357":0,"364":0,"375":0,"386":0,"398":0,"399":0,"400":0,"401":0,"413":0,"423":0,"442":0,"443":0,"444":0,"446":0,"451":0,"457":0,"464":0,"469":0,"470":0,"472":0,"473":0,"480":0,"482":0,"486":0,"488":0,"502":0,"503":0,"504":0,"506":0,"511":0,"517":0,"524":0,"529":0,"530":0,"532":0,"536":0,"538":0,"556":0,"558":0,"560":0,"562":0,"566":0,"567":0,"569":0,"572":0,"573":0,"579":0,"581":0,"582":0,"589":0,"595":0,"596":0,"598":0,"600":0,"602":0,"608":0,"609":0,"616":0,"630":0,"632":0,"633":0,"635":0,"636":0,"640":0,"643":0,"646":0,"647":0,"653":0,"660":0,"667":0,"674":0,"675":0,"677":0,"679":0,"681":0,"687":0,"688":0,"691":0,"692":0,"711":0,"714":0,"716":0,"717":0,"719":0,"777":0,"784":0},"path":"/Users/mohamedtaha/Desktop/work/marhaba-defi/nft_souq_contracts/diamon-2-hardhat/contracts/ERC721A.sol","s":{"1":0,"2":0,"3":0,"4":0,"5":0,"6":0,"7":0,"8":0,"9":0,"10":0,"11":0,"12":0,"13":0,"14":0,"15":0,"16":0,"17":0,"18":0,"19":0,"20":0,"21":0,"22":0,"23":0,"24":0,"25":0,"26":0,"27":0,"28":0,"29":0,"30":0,"31":0,"32":0,"33":0,"34":0,"35":0,"36":0,"37":0,"38":0,"39":0,"40":0,"41":0,"42":0,"43":0,"44":0,"45":0,"46":0,"47":0,"48":0,"49":0,"50":0,"51":0,"52":0,"53":0,"54":0,"55":0,"56":0,"57":0,"58":0,"59":0,"60":0,"61":0,"62":0,"63":0,"64":0,"65":0,"66":0,"67":0,"68":0,"69":0,"70":0,"71":0,"72":0,"73":0,"74":0,"75":0,"76":0,"77":0,"78":0,"79":0,"80":0,"81":0,"82":0,"83":0,"84":0,"85":0,"86":0,"87":0,"88":0,"89":0,"90":0,"91":0,"92":0,"93":0,"94":0,"95":0,"96":0,"97":0,"98":0,"99":0,"100":0,"101":0,"102":0,"103":0,"104":0,"105":0,"106":0,"107":0,"108":0,"109":0,"110":0,"111":0,"112":0,"113":0,"114":0,"115":0,"116":0,"117":0,"118":0,"119":0,"120":0},"b":{"1":[0,0],"2":[0,0],"3":[0,0],"4":[0,0],"5":[0,0],"6":[0,0],"7":[0,0],"8":[0,0],"9":[0,0],"10":[0,0],"11":[0,0],"12":[0,0],"13":[0,0],"14":[0,0],"15":[0,0],"16":[0,0],"17":[0,0],"18":[0,0],"19":[0,0],"20":[0,0],"21":[0,0],"22":[0,0],"23":[0,0],"24":[0,0],"25":[0,0],"26":[0,0],"27":[0,0],"28":[0,0],"29":[0,0],"30":[0,0],"31":[0,0],"32":[0,0],"33":[0,0]},"f":{"1":0,"2":0,"3":0,"4":0,"5":0,"6":0,"7":0,"8":0,"9":0,"10":0,"11":0,"12":0,"13":0,"14":0,"15":0,"16":0,"17":0,"18":0,"19":0,"20":0,"21":0,"22":0,"23":0,"24":0,"25":0,"26":0,"27":0,"28":0,"29":0,"30":0,"31":0,"32":0,"33":0,"34":0,"35":0,"36":0,"37":0,"38":0,"39":0,"40":0,"41":0,"42":0,"43":0},"fnMap":{"1":{"name":"constructor","line":97,"loc":{"start":{"line":97,"column":4},"end":{"line":101,"column":4}}},"2":{"name":"_startTokenId","line":107,"loc":{"start":{"line":107,"column":4},"end":{"line":109,"column":4}}},"3":{"name":"_nextTokenId","line":114,"loc":{"start":{"line":114,"column":4},"end":{"line":116,"column":4}}},"4":{"name":"totalSupply","line":123,"loc":{"start":{"line":123,"column":4},"end":{"line":129,"column":4}}},"5":{"name":"_totalMinted","line":134,"loc":{"start":{"line":134,"column":4},"end":{"line":140,"column":4}}},"6":{"name":"_totalBurned","line":145,"loc":{"start":{"line":145,"column":4},"end":{"line":147,"column":4}}},"7":{"name":"supportsInterface","line":152,"loc":{"start":{"line":152,"column":4},"end":{"line":160,"column":4}}},"8":{"name":"balanceOf","line":165,"loc":{"start":{"line":165,"column":4},"end":{"line":168,"column":4}}},"9":{"name":"_numberMinted","line":173,"loc":{"start":{"line":173,"column":4},"end":{"line":175,"column":4}}},"10":{"name":"_numberBurned","line":180,"loc":{"start":{"line":180,"column":4},"end":{"line":182,"column":4}}},"11":{"name":"_getAux","line":187,"loc":{"start":{"line":187,"column":4},"end":{"line":189,"column":4}}},"12":{"name":"_setAux","line":195,"loc":{"start":{"line":195,"column":4},"end":{"line":203,"column":4}}},"13":{"name":"_packedOwnershipOf","line":208,"loc":{"start":{"line":208,"column":4},"end":{"line":232,"column":4}}},"14":{"name":"_unpackedOwnership","line":237,"loc":{"start":{"line":237,"column":4},"end":{"line":241,"column":4}}},"15":{"name":"_ownershipAt","line":246,"loc":{"start":{"line":246,"column":4},"end":{"line":248,"column":4}}},"16":{"name":"_initializeOwnershipAt","line":253,"loc":{"start":{"line":253,"column":4},"end":{"line":257,"column":4}}},"17":{"name":"_ownershipOf","line":263,"loc":{"start":{"line":263,"column":4},"end":{"line":265,"column":4}}},"18":{"name":"ownerOf","line":270,"loc":{"start":{"line":270,"column":4},"end":{"line":272,"column":4}}},"19":{"name":"name","line":277,"loc":{"start":{"line":277,"column":4},"end":{"line":279,"column":4}}},"20":{"name":"symbol","line":284,"loc":{"start":{"line":284,"column":4},"end":{"line":286,"column":4}}},"21":{"name":"tokenURI","line":291,"loc":{"start":{"line":291,"column":4},"end":{"line":296,"column":4}}},"22":{"name":"_baseURI","line":303,"loc":{"start":{"line":303,"column":4},"end":{"line":305,"column":4}}},"23":{"name":"_addressToUint256","line":310,"loc":{"start":{"line":310,"column":4},"end":{"line":314,"column":4}}},"24":{"name":"_boolToUint256","line":319,"loc":{"start":{"line":319,"column":4},"end":{"line":323,"column":4}}},"25":{"name":"approve","line":328,"loc":{"start":{"line":328,"column":4},"end":{"line":339,"column":4}}},"26":{"name":"getApproved","line":344,"loc":{"start":{"line":344,"column":4},"end":{"line":348,"column":4}}},"27":{"name":"setApprovalForAll","line":353,"loc":{"start":{"line":353,"column":4},"end":{"line":358,"column":4}}},"28":{"name":"isApprovedForAll","line":363,"loc":{"start":{"line":363,"column":4},"end":{"line":365,"column":4}}},"29":{"name":"transferFrom","line":370,"loc":{"start":{"line":370,"column":4},"end":{"line":376,"column":4}}},"30":{"name":"safeTransferFrom","line":381,"loc":{"start":{"line":381,"column":4},"end":{"line":387,"column":4}}},"31":{"name":"safeTransferFrom","line":392,"loc":{"start":{"line":392,"column":4},"end":{"line":403,"column":4}}},"32":{"name":"_exists","line":412,"loc":{"start":{"line":412,"column":4},"end":{"line":417,"column":4}}},"33":{"name":"_safeMint","line":422,"loc":{"start":{"line":422,"column":4},"end":{"line":424,"column":4}}},"34":{"name":"_safeMint","line":437,"loc":{"start":{"line":437,"column":4},"end":{"line":489,"column":4}}},"35":{"name":"_mint","line":501,"loc":{"start":{"line":501,"column":4},"end":{"line":539,"column":4}}},"36":{"name":"_transfer","line":551,"loc":{"start":{"line":551,"column":4},"end":{"line":610,"column":4}}},"37":{"name":"_burn","line":615,"loc":{"start":{"line":615,"column":4},"end":{"line":617,"column":4}}},"38":{"name":"_burn","line":629,"loc":{"start":{"line":629,"column":4},"end":{"line":694,"column":4}}},"39":{"name":"_checkContractOnERC721Received","line":705,"loc":{"start":{"line":705,"column":4},"end":{"line":724,"column":4}}},"40":{"name":"_beforeTokenTransfers","line":741,"loc":{"start":{"line":741,"column":4},"end":{"line":746,"column":24}}},"41":{"name":"_afterTokenTransfers","line":764,"loc":{"start":{"line":764,"column":4},"end":{"line":769,"column":24}}},"42":{"name":"_msgSenderERC721A","line":776,"loc":{"start":{"line":776,"column":4},"end":{"line":778,"column":4}}},"43":{"name":"_toString","line":783,"loc":{"start":{"line":783,"column":4},"end":{"line":822,"column":4}}}},"statementMap":{"1":{"start":{"line":98,"column":8},"end":{"line":98,"column":20}},"2":{"start":{"line":99,"column":8},"end":{"line":99,"column":24}},"3":{"start":{"line":100,"column":8},"end":{"line":100,"column":38}},"4":{"start":{"line":108,"column":8},"end":{"line":108,"column":16}},"5":{"start":{"line":115,"column":8},"end":{"line":115,"column":28}},"6":{"start":{"line":127,"column":12},"end":{"line":127,"column":65}},"7":{"start":{"line":138,"column":12},"end":{"line":138,"column":50}},"8":{"start":{"line":146,"column":8},"end":{"line":146,"column":27}},"9":{"start":{"line":156,"column":8},"end":{"line":156,"column":5288}},"10":{"start":{"line":166,"column":8},"end":{"line":166,"column":78}},"11":{"start":{"line":167,"column":8},"end":{"line":167,"column":69}},"12":{"start":{"line":174,"column":8},"end":{"line":174,"column":95}},"13":{"start":{"line":181,"column":8},"end":{"line":181,"column":95}},"14":{"start":{"line":188,"column":8},"end":{"line":188,"column":62}},"15":{"start":{"line":196,"column":8},"end":{"line":196,"column":50}},"16":{"start":{"line":197,"column":8},"end":{"line":197,"column":25}},"17":{"start":{"line":201,"column":8},"end":{"line":201,"column":77}},"18":{"start":{"line":202,"column":8},"end":{"line":202,"column":41}},"19":{"start":{"line":209,"column":8},"end":{"line":209,"column":30}},"20":{"start":{"line":212,"column":12},"end":{"line":212,"column":7320}},"21":{"start":{"line":213,"column":16},"end":{"line":213,"column":7365}},"22":{"start":{"line":214,"column":20},"end":{"line":214,"column":60}},"23":{"start":{"line":216,"column":20},"end":{"line":216,"column":7517}},"24":{"start":{"line":224,"column":24},"end":{"line":224,"column":8036}},"25":{"start":{"line":225,"column":28},"end":{"line":225,"column":61}},"26":{"start":{"line":227,"column":24},"end":{"line":227,"column":37}},"27":{"start":{"line":238,"column":8},"end":{"line":238,"column":48}},"28":{"start":{"line":239,"column":8},"end":{"line":239,"column":74}},"29":{"start":{"line":240,"column":8},"end":{"line":240,"column":54}},"30":{"start":{"line":247,"column":8},"end":{"line":247,"column":59}},"31":{"start":{"line":254,"column":8},"end":{"line":254,"column":9065}},"32":{"start":{"line":255,"column":12},"end":{"line":255,"column":63}},"33":{"start":{"line":264,"column":8},"end":{"line":264,"column":62}},"34":{"start":{"line":271,"column":8},"end":{"line":271,"column":60}},"35":{"start":{"line":278,"column":8},"end":{"line":278,"column":20}},"36":{"start":{"line":285,"column":8},"end":{"line":285,"column":22}},"37":{"start":{"line":292,"column":8},"end":{"line":292,"column":67}},"38":{"start":{"line":294,"column":8},"end":{"line":294,"column":42}},"39":{"start":{"line":295,"column":8},"end":{"line":295,"column":102}},"40":{"start":{"line":304,"column":8},"end":{"line":304,"column":17}},"41":{"start":{"line":329,"column":8},"end":{"line":329,"column":69}},"42":{"start":{"line":330,"column":8},"end":{"line":330,"column":56}},"43":{"start":{"line":332,"column":8},"end":{"line":332,"column":11479}},"44":{"start":{"line":333,"column":12},"end":{"line":333,"column":11525}},"45":{"start":{"line":337,"column":8},"end":{"line":337,"column":36}},"46":{"start":{"line":338,"column":8},"end":{"line":338,"column":41}},"47":{"start":{"line":345,"column":8},"end":{"line":345,"column":72}},"48":{"start":{"line":347,"column":8},"end":{"line":347,"column":39}},"49":{"start":{"line":354,"column":8},"end":{"line":354,"column":69}},"50":{"start":{"line":356,"column":8},"end":{"line":356,"column":67}},"51":{"start":{"line":357,"column":8},"end":{"line":357,"column":68}},"52":{"start":{"line":364,"column":8},"end":{"line":364,"column":50}},"53":{"start":{"line":375,"column":8},"end":{"line":375,"column":35}},"54":{"start":{"line":386,"column":8},"end":{"line":386,"column":46}},"55":{"start":{"line":398,"column":8},"end":{"line":398,"column":35}},"56":{"start":{"line":399,"column":8},"end":{"line":399,"column":13335}},"57":{"start":{"line":400,"column":12},"end":{"line":400,"column":13372}},"58":{"start":{"line":413,"column":8},"end":{"line":413,"column":13888}},"59":{"start":{"line":423,"column":8},"end":{"line":423,"column":34}},"60":{"start":{"line":442,"column":8},"end":{"line":442,"column":44}},"61":{"start":{"line":443,"column":8},"end":{"line":443,"column":66}},"62":{"start":{"line":444,"column":8},"end":{"line":444,"column":52}},"63":{"start":{"line":446,"column":8},"end":{"line":446,"column":68}},"64":{"start":{"line":457,"column":12},"end":{"line":457,"column":81}},"65":{"start":{"line":464,"column":12},"end":{"line":464,"column":15755}},"66":{"start":{"line":469,"column":12},"end":{"line":469,"column":47}},"67":{"start":{"line":470,"column":12},"end":{"line":470,"column":49}},"68":{"start":{"line":472,"column":12},"end":{"line":472,"column":16020}},"69":{"start":{"line":480,"column":16},"end":{"line":480,"column":59}},"70":{"start":{"line":480,"column":51},"end":{"line":480,"column":58}},"71":{"start":{"line":486,"column":12},"end":{"line":486,"column":39}},"72":{"start":{"line":488,"column":8},"end":{"line":488,"column":67}},"73":{"start":{"line":502,"column":8},"end":{"line":502,"column":44}},"74":{"start":{"line":503,"column":8},"end":{"line":503,"column":66}},"75":{"start":{"line":504,"column":8},"end":{"line":504,"column":52}},"76":{"start":{"line":506,"column":8},"end":{"line":506,"column":68}},"77":{"start":{"line":517,"column":12},"end":{"line":517,"column":81}},"78":{"start":{"line":524,"column":12},"end":{"line":524,"column":18142}},"79":{"start":{"line":529,"column":12},"end":{"line":529,"column":47}},"80":{"start":{"line":530,"column":12},"end":{"line":530,"column":49}},"81":{"start":{"line":536,"column":12},"end":{"line":536,"column":39}},"82":{"start":{"line":538,"column":8},"end":{"line":538,"column":67}},"83":{"start":{"line":556,"column":8},"end":{"line":556,"column":65}},"84":{"start":{"line":558,"column":8},"end":{"line":558,"column":94}},"85":{"start":{"line":560,"column":8},"end":{"line":560,"column":58}},"86":{"start":{"line":562,"column":8},"end":{"line":562,"column":19262}},"87":{"start":{"line":566,"column":8},"end":{"line":566,"column":74}},"88":{"start":{"line":567,"column":8},"end":{"line":567,"column":70}},"89":{"start":{"line":569,"column":8},"end":{"line":569,"column":50}},"90":{"start":{"line":572,"column":8},"end":{"line":572,"column":19652}},"91":{"start":{"line":589,"column":12},"end":{"line":589,"column":20498}},"92":{"start":{"line":595,"column":12},"end":{"line":595,"column":20755}},"93":{"start":{"line":596,"column":16},"end":{"line":596,"column":49}},"94":{"start":{"line":598,"column":16},"end":{"line":598,"column":20983}},"95":{"start":{"line":600,"column":20},"end":{"line":600,"column":21108}},"96":{"start":{"line":602,"column":24},"end":{"line":602,"column":75}},"97":{"start":{"line":608,"column":8},"end":{"line":608,"column":40}},"98":{"start":{"line":609,"column":8},"end":{"line":609,"column":49}},"99":{"start":{"line":616,"column":8},"end":{"line":616,"column":28}},"100":{"start":{"line":630,"column":8},"end":{"line":630,"column":65}},"101":{"start":{"line":632,"column":8},"end":{"line":632,"column":60}},"102":{"start":{"line":633,"column":8},"end":{"line":633,"column":58}},"103":{"start":{"line":635,"column":8},"end":{"line":635,"column":22125}},"104":{"start":{"line":636,"column":12},"end":{"line":636,"column":22205}},"105":{"start":{"line":640,"column":12},"end":{"line":640,"column":78}},"106":{"start":{"line":643,"column":8},"end":{"line":643,"column":58}},"107":{"start":{"line":646,"column":8},"end":{"line":646,"column":22549}},"108":{"start":{"line":660,"column":12},"end":{"line":660,"column":70}},"109":{"start":{"line":667,"column":12},"end":{"line":667,"column":23547}},"110":{"start":{"line":674,"column":12},"end":{"line":674,"column":23840}},"111":{"start":{"line":675,"column":16},"end":{"line":675,"column":49}},"112":{"start":{"line":677,"column":16},"end":{"line":677,"column":24068}},"113":{"start":{"line":679,"column":20},"end":{"line":679,"column":24193}},"114":{"start":{"line":681,"column":24},"end":{"line":681,"column":75}},"115":{"start":{"line":687,"column":8},"end":{"line":687,"column":48}},"116":{"start":{"line":688,"column":8},"end":{"line":688,"column":57}},"117":{"start":{"line":711,"column":8},"end":{"line":711,"column":25381}},"118":{"start":{"line":714,"column":12},"end":{"line":714,"column":83}},"119":{"start":{"line":716,"column":12},"end":{"line":716,"column":25663}},"120":{"start":{"line":777,"column":8},"end":{"line":777,"column":25}}},"branchMap":{"1":{"line":166,"type":"if","locations":[{"start":{"line":166,"column":8},"end":{"line":166,"column":8}},{"start":{"line":166,"column":8},"end":{"line":166,"column":8}}]},"2":{"line":212,"type":"if","locations":[{"start":{"line":212,"column":12},"end":{"line":212,"column":12}},{"start":{"line":212,"column":12},"end":{"line":212,"column":12}}]},"3":{"line":213,"type":"if","locations":[{"start":{"line":213,"column":16},"end":{"line":213,"column":16}},{"start":{"line":213,"column":16},"end":{"line":213,"column":16}}]},"4":{"line":216,"type":"if","locations":[{"start":{"line":216,"column":20},"end":{"line":216,"column":20}},{"start":{"line":216,"column":20},"end":{"line":216,"column":20}}]},"5":{"line":254,"type":"if","locations":[{"start":{"line":254,"column":8},"end":{"line":254,"column":8}},{"start":{"line":254,"column":8},"end":{"line":254,"column":8}}]},"6":{"line":292,"type":"if","locations":[{"start":{"line":292,"column":8},"end":{"line":292,"column":8}},{"start":{"line":292,"column":8},"end":{"line":292,"column":8}}]},"7":{"line":330,"type":"if","locations":[{"start":{"line":330,"column":8},"end":{"line":330,"column":8}},{"start":{"line":330,"column":8},"end":{"line":330,"column":8}}]},"8":{"line":332,"type":"if","locations":[{"start":{"line":332,"column":8},"end":{"line":332,"column":8}},{"start":{"line":332,"column":8},"end":{"line":332,"column":8}}]},"9":{"line":333,"type":"if","locations":[{"start":{"line":333,"column":12},"end":{"line":333,"column":12}},{"start":{"line":333,"column":12},"end":{"line":333,"column":12}}]},"10":{"line":345,"type":"if","locations":[{"start":{"line":345,"column":8},"end":{"line":345,"column":8}},{"start":{"line":345,"column":8},"end":{"line":345,"column":8}}]},"11":{"line":354,"type":"if","locations":[{"start":{"line":354,"column":8},"end":{"line":354,"column":8}},{"start":{"line":354,"column":8},"end":{"line":354,"column":8}}]},"12":{"line":399,"type":"if","locations":[{"start":{"line":399,"column":8},"end":{"line":399,"column":8}},{"start":{"line":399,"column":8},"end":{"line":399,"column":8}}]},"13":{"line":400,"type":"if","locations":[{"start":{"line":400,"column":12},"end":{"line":400,"column":12}},{"start":{"line":400,"column":12},"end":{"line":400,"column":12}}]},"14":{"line":443,"type":"if","locations":[{"start":{"line":443,"column":8},"end":{"line":443,"column":8}},{"start":{"line":443,"column":8},"end":{"line":443,"column":8}}]},"15":{"line":444,"type":"if","locations":[{"start":{"line":444,"column":8},"end":{"line":444,"column":8}},{"start":{"line":444,"column":8},"end":{"line":444,"column":8}}]},"16":{"line":472,"type":"if","locations":[{"start":{"line":472,"column":12},"end":{"line":472,"column":12}},{"start":{"line":472,"column":12},"end":{"line":472,"column":12}}]},"17":{"line":480,"type":"if","locations":[{"start":{"line":480,"column":16},"end":{"line":480,"column":16}},{"start":{"line":480,"column":16},"end":{"line":480,"column":16}}]},"18":{"line":503,"type":"if","locations":[{"start":{"line":503,"column":8},"end":{"line":503,"column":8}},{"start":{"line":503,"column":8},"end":{"line":503,"column":8}}]},"19":{"line":504,"type":"if","locations":[{"start":{"line":504,"column":8},"end":{"line":504,"column":8}},{"start":{"line":504,"column":8},"end":{"line":504,"column":8}}]},"20":{"line":558,"type":"if","locations":[{"start":{"line":558,"column":8},"end":{"line":558,"column":8}},{"start":{"line":558,"column":8},"end":{"line":558,"column":8}}]},"21":{"line":566,"type":"if","locations":[{"start":{"line":566,"column":8},"end":{"line":566,"column":8}},{"start":{"line":566,"column":8},"end":{"line":566,"column":8}}]},"22":{"line":567,"type":"if","locations":[{"start":{"line":567,"column":8},"end":{"line":567,"column":8}},{"start":{"line":567,"column":8},"end":{"line":567,"column":8}}]},"23":{"line":572,"type":"if","locations":[{"start":{"line":572,"column":8},"end":{"line":572,"column":8}},{"start":{"line":572,"column":8},"end":{"line":572,"column":8}}]},"24":{"line":595,"type":"if","locations":[{"start":{"line":595,"column":12},"end":{"line":595,"column":12}},{"start":{"line":595,"column":12},"end":{"line":595,"column":12}}]},"25":{"line":598,"type":"if","locations":[{"start":{"line":598,"column":16},"end":{"line":598,"column":16}},{"start":{"line":598,"column":16},"end":{"line":598,"column":16}}]},"26":{"line":600,"type":"if","locations":[{"start":{"line":600,"column":20},"end":{"line":600,"column":20}},{"start":{"line":600,"column":20},"end":{"line":600,"column":20}}]},"27":{"line":635,"type":"if","locations":[{"start":{"line":635,"column":8},"end":{"line":635,"column":8}},{"start":{"line":635,"column":8},"end":{"line":635,"column":8}}]},"28":{"line":640,"type":"if","locations":[{"start":{"line":640,"column":12},"end":{"line":640,"column":12}},{"start":{"line":640,"column":12},"end":{"line":640,"column":12}}]},"29":{"line":646,"type":"if","locations":[{"start":{"line":646,"column":8},"end":{"line":646,"column":8}},{"start":{"line":646,"column":8},"end":{"line":646,"column":8}}]},"30":{"line":674,"type":"if","locations":[{"start":{"line":674,"column":12},"end":{"line":674,"column":12}},{"start":{"line":674,"column":12},"end":{"line":674,"column":12}}]},"31":{"line":677,"type":"if","locations":[{"start":{"line":677,"column":16},"end":{"line":677,"column":16}},{"start":{"line":677,"column":16},"end":{"line":677,"column":16}}]},"32":{"line":679,"type":"if","locations":[{"start":{"line":679,"column":20},"end":{"line":679,"column":20}},{"start":{"line":679,"column":20},"end":{"line":679,"column":20}}]},"33":{"line":716,"type":"if","locations":[{"start":{"line":716,"column":12},"end":{"line":716,"column":12}},{"start":{"line":716,"column":12},"end":{"line":716,"column":12}}]}}},"contracts/facets/DiamondCutFacet.sol":{"l":{"27":0,"28":0,"29":0,"30":0,"31":0,"34":0,"37":0,"40":0,"41":0,"49":0,"50":0,"54":0,"56":0,"58":0,"59":0},"path":"/Users/mohamedtaha/Desktop/work/marhaba-defi/nft_souq_contracts/diamon-2-hardhat/contracts/facets/DiamondCutFacet.sol","s":{"1":0,"2":0,"3":0,"4":0,"5":0,"6":0,"7":0,"8":0,"9":0,"10":0,"11":0,"12":0,"13":0,"14":0,"15":0},"b":{"1":[0,0],"2":[0,0],"3":[0,0]},"f":{"1":0},"fnMap":{"1":{"name":"diamondCut","line":22,"loc":{"start":{"line":22,"column":4},"end":{"line":60,"column":4}}}},"statementMap":{"1":{"start":{"line":27,"column":8},"end":{"line":27,"column":42}},"2":{"start":{"line":28,"column":8},"end":{"line":28,"column":74}},"3":{"start":{"line":29,"column":8},"end":{"line":29,"column":56}},"4":{"start":{"line":30,"column":8},"end":{"line":30,"column":53}},"5":{"start":{"line":31,"column":8},"end":{"line":31,"column":28}},"6":{"start":{"line":34,"column":8},"end":{"line":34,"column":1682}},"7":{"start":{"line":37,"column":12},"end":{"line":37,"column":62}},"8":{"start":{"line":40,"column":8},"end":{"line":40,"column":1956}},"9":{"start":{"line":41,"column":12},"end":{"line":41,"column":2046}},"10":{"start":{"line":49,"column":8},"end":{"line":49,"column":2371}},"11":{"start":{"line":50,"column":12},"end":{"line":50,"column":51}},"12":{"start":{"line":54,"column":8},"end":{"line":54,"column":2621}},"13":{"start":{"line":56,"column":12},"end":{"line":56,"column":62}},"14":{"start":{"line":58,"column":8},"end":{"line":58,"column":54}},"15":{"start":{"line":59,"column":8},"end":{"line":59,"column":56}}},"branchMap":{"1":{"line":34,"type":"if","locations":[{"start":{"line":34,"column":8},"end":{"line":34,"column":8}},{"start":{"line":34,"column":8},"end":{"line":34,"column":8}}]},"2":{"line":49,"type":"if","locations":[{"start":{"line":49,"column":8},"end":{"line":49,"column":8}},{"start":{"line":49,"column":8},"end":{"line":49,"column":8}}]},"3":{"line":54,"type":"if","locations":[{"start":{"line":54,"column":8},"end":{"line":54,"column":8}},{"start":{"line":54,"column":8},"end":{"line":54,"column":8}}]}}},"contracts/facets/DiamondLoupeFacet.sol":{"l":{"27":0,"28":0,"29":0,"30":0,"31":0,"33":0,"34":0,"35":0,"36":0,"37":0,"38":0,"41":0,"42":0,"43":0,"44":0,"45":0,"46":0,"48":0,"49":0,"50":0,"51":0,"54":0,"55":0,"57":0,"58":0,"59":0,"60":0,"61":0,"64":0,"65":0,"66":0,"68":0,"73":0,"82":0,"83":0,"84":0,"85":0,"87":0,"88":0,"89":0,"90":0,"91":0,"92":0,"95":0,"96":0,"97":0,"98":0,"99":0,"104":0,"112":0,"113":0,"114":0,"115":0,"117":0,"118":0,"119":0,"120":0,"121":0,"122":0,"125":0,"126":0,"127":0,"128":0,"129":0,"130":0,"131":0,"134":0,"135":0,"137":0,"138":0,"142":0,"152":0,"153":0,"158":0,"159":0},"path":"/Users/mohamedtaha/Desktop/work/marhaba-defi/nft_souq_contracts/diamon-2-hardhat/contracts/facets/DiamondLoupeFacet.sol","s":{"1":0,"2":0,"3":0,"4":0,"5":0,"6":0,"7":0,"8":0,"9":0,"10":0,"11":0,"12":0,"13":0,"14":0,"15":0,"16":0,"17":0,"18":0,"19":0,"20":0,"21":0,"22":0,"23":0,"24":0,"25":0,"26":0,"27":0,"28":0,"29":0,"30":0,"31":0,"32":0,"33":0,"34":0,"35":0,"36":0,"37":0,"38":0,"39":0,"40":0,"41":0,"42":0,"43":0,"44":0,"45":0,"46":0,"47":0,"48":0,"49":0,"50":0,"51":0,"52":0,"53":0,"54":0,"55":0,"56":0,"57":0},"b":{"1":[0,0],"2":[0,0],"3":[0,0],"4":[0,0],"5":[0,0],"6":[0,0],"7":[0,0],"8":[0,0],"9":[0,0]},"f":{"1":0,"2":0,"3":0,"4":0,"5":0},"fnMap":{"1":{"name":"facets","line":26,"loc":{"start":{"line":26,"column":4},"end":{"line":76,"column":4}}},"2":{"name":"facetFunctionSelectors","line":81,"loc":{"start":{"line":81,"column":4},"end":{"line":107,"column":4}}},"3":{"name":"facetAddresses","line":111,"loc":{"start":{"line":111,"column":4},"end":{"line":145,"column":4}}},"4":{"name":"facetAddress","line":151,"loc":{"start":{"line":151,"column":4},"end":{"line":154,"column":4}}},"5":{"name":"supportsInterface","line":157,"loc":{"start":{"line":157,"column":4},"end":{"line":160,"column":4}}}},"statementMap":{"1":{"start":{"line":27,"column":8},"end":{"line":27,"column":74}},"2":{"start":{"line":28,"column":8},"end":{"line":28,"column":46}},"3":{"start":{"line":29,"column":8},"end":{"line":29,"column":72}},"4":{"start":{"line":30,"column":8},"end":{"line":30,"column":25}},"5":{"start":{"line":31,"column":8},"end":{"line":31,"column":29}},"6":{"start":{"line":33,"column":8},"end":{"line":33,"column":1484}},"7":{"start":{"line":34,"column":12},"end":{"line":34,"column":54}},"8":{"start":{"line":35,"column":12},"end":{"line":35,"column":1629}},"9":{"start":{"line":37,"column":16},"end":{"line":37,"column":1760}},"10":{"start":{"line":41,"column":16},"end":{"line":41,"column":74}},"11":{"start":{"line":42,"column":16},"end":{"line":42,"column":77}},"12":{"start":{"line":43,"column":16},"end":{"line":43,"column":33}},"13":{"start":{"line":44,"column":16},"end":{"line":44,"column":2118}},"14":{"start":{"line":45,"column":20},"end":{"line":45,"column":2207}},"15":{"start":{"line":46,"column":24},"end":{"line":46,"column":102}},"16":{"start":{"line":48,"column":24},"end":{"line":48,"column":67}},"17":{"start":{"line":50,"column":24},"end":{"line":50,"column":42}},"18":{"start":{"line":54,"column":16},"end":{"line":54,"column":2724}},"19":{"start":{"line":57,"column":16},"end":{"line":57,"column":62}},"20":{"start":{"line":58,"column":16},"end":{"line":58,"column":84}},"21":{"start":{"line":59,"column":16},"end":{"line":59,"column":65}},"22":{"start":{"line":60,"column":16},"end":{"line":60,"column":47}},"23":{"start":{"line":64,"column":8},"end":{"line":64,"column":3115}},"24":{"start":{"line":65,"column":12},"end":{"line":65,"column":64}},"25":{"start":{"line":66,"column":12},"end":{"line":66,"column":77}},"26":{"start":{"line":82,"column":8},"end":{"line":82,"column":74}},"27":{"start":{"line":83,"column":8},"end":{"line":83,"column":28}},"28":{"start":{"line":84,"column":8},"end":{"line":84,"column":63}},"29":{"start":{"line":85,"column":8},"end":{"line":85,"column":29}},"30":{"start":{"line":87,"column":8},"end":{"line":87,"column":4170}},"31":{"start":{"line":88,"column":12},"end":{"line":88,"column":54}},"32":{"start":{"line":89,"column":12},"end":{"line":89,"column":4315}},"33":{"start":{"line":91,"column":16},"end":{"line":91,"column":4446}},"34":{"start":{"line":95,"column":16},"end":{"line":95,"column":74}},"35":{"start":{"line":96,"column":16},"end":{"line":96,"column":69}},"36":{"start":{"line":97,"column":16},"end":{"line":97,"column":4761}},"37":{"start":{"line":98,"column":20},"end":{"line":98,"column":67}},"38":{"start":{"line":112,"column":8},"end":{"line":112,"column":74}},"39":{"start":{"line":113,"column":8},"end":{"line":113,"column":56}},"40":{"start":{"line":114,"column":8},"end":{"line":114,"column":25}},"41":{"start":{"line":115,"column":8},"end":{"line":115,"column":29}},"42":{"start":{"line":117,"column":8},"end":{"line":117,"column":5507}},"43":{"start":{"line":118,"column":12},"end":{"line":118,"column":54}},"44":{"start":{"line":119,"column":12},"end":{"line":119,"column":5652}},"45":{"start":{"line":121,"column":16},"end":{"line":121,"column":5783}},"46":{"start":{"line":125,"column":16},"end":{"line":125,"column":74}},"47":{"start":{"line":126,"column":16},"end":{"line":126,"column":77}},"48":{"start":{"line":127,"column":16},"end":{"line":127,"column":33}},"49":{"start":{"line":128,"column":16},"end":{"line":128,"column":6141}},"50":{"start":{"line":129,"column":20},"end":{"line":129,"column":6230}},"51":{"start":{"line":130,"column":24},"end":{"line":130,"column":42}},"52":{"start":{"line":134,"column":16},"end":{"line":134,"column":6410}},"53":{"start":{"line":137,"column":16},"end":{"line":137,"column":57}},"54":{"start":{"line":152,"column":8},"end":{"line":152,"column":74}},"55":{"start":{"line":153,"column":8},"end":{"line":153,"column":69}},"56":{"start":{"line":158,"column":8},"end":{"line":158,"column":74}},"57":{"start":{"line":159,"column":8},"end":{"line":159,"column":51}}},"branchMap":{"1":{"line":37,"type":"if","locations":[{"start":{"line":37,"column":16},"end":{"line":37,"column":16}},{"start":{"line":37,"column":16},"end":{"line":37,"column":16}}]},"2":{"line":45,"type":"if","locations":[{"start":{"line":45,"column":20},"end":{"line":45,"column":20}},{"start":{"line":45,"column":20},"end":{"line":45,"column":20}}]},"3":{"line":48,"type":"if","locations":[{"start":{"line":48,"column":24},"end":{"line":48,"column":24}},{"start":{"line":48,"column":24},"end":{"line":48,"column":24}}]},"4":{"line":54,"type":"if","locations":[{"start":{"line":54,"column":16},"end":{"line":54,"column":16}},{"start":{"line":54,"column":16},"end":{"line":54,"column":16}}]},"5":{"line":91,"type":"if","locations":[{"start":{"line":91,"column":16},"end":{"line":91,"column":16}},{"start":{"line":91,"column":16},"end":{"line":91,"column":16}}]},"6":{"line":97,"type":"if","locations":[{"start":{"line":97,"column":16},"end":{"line":97,"column":16}},{"start":{"line":97,"column":16},"end":{"line":97,"column":16}}]},"7":{"line":121,"type":"if","locations":[{"start":{"line":121,"column":16},"end":{"line":121,"column":16}},{"start":{"line":121,"column":16},"end":{"line":121,"column":16}}]},"8":{"line":129,"type":"if","locations":[{"start":{"line":129,"column":20},"end":{"line":129,"column":20}},{"start":{"line":129,"column":20},"end":{"line":129,"column":20}}]},"9":{"line":134,"type":"if","locations":[{"start":{"line":134,"column":16},"end":{"line":134,"column":16}},{"start":{"line":134,"column":16},"end":{"line":134,"column":16}}]}}},"contracts/facets/EIP712/EIP712Facet.sol":{"l":{"71":0,"72":0,"78":0,"84":0,"85":0,"86":0,"97":0,"98":0,"99":0,"100":0,"101":0,"102":0,"110":0,"112":0,"113":0,"115":0,"124":0,"143":0,"149":0,"150":0,"156":0,"157":0},"path":"/Users/mohamedtaha/Desktop/work/marhaba-defi/nft_souq_contracts/diamon-2-hardhat/contracts/facets/EIP712/EIP712Facet.sol","s":{"1":0,"2":0,"3":0,"4":0,"5":0,"6":0,"7":0,"8":0,"9":0,"10":0,"11":0,"12":0,"13":0,"14":0,"15":0,"16":0,"17":0,"18":0,"19":0,"20":0,"21":0,"22":0},"b":{"1":[0,0],"2":[0,0],"3":[0,0]},"f":{"1":0,"2":0,"3":0,"4":0,"5":0,"6":0},"fnMap":{"1":{"name":"eip712FacetInit","line":66,"loc":{"start":{"line":66,"column":4},"end":{"line":103,"column":4}}},"2":{"name":"_domainSeparatorV4","line":108,"loc":{"start":{"line":108,"column":4},"end":{"line":117,"column":4}}},"3":{"name":"_buildDomainSeparator","line":119,"loc":{"start":{"line":119,"column":4},"end":{"line":125,"column":4}}},"4":{"name":"_hashTypedDataV4","line":142,"loc":{"start":{"line":142,"column":4},"end":{"line":144,"column":4}}},"5":{"name":"getName","line":147,"loc":{"start":{"line":147,"column":4},"end":{"line":152,"column":4}}},"6":{"name":"getAddress","line":154,"loc":{"start":{"line":154,"column":4},"end":{"line":159,"column":4}}}},"statementMap":{"1":{"start":{"line":71,"column":8},"end":{"line":71,"column":83}},"2":{"start":{"line":72,"column":8},"end":{"line":72,"column":3380}},"3":{"start":{"line":78,"column":8},"end":{"line":78,"column":3634}},"4":{"start":{"line":84,"column":8},"end":{"line":84,"column":52}},"5":{"start":{"line":85,"column":8},"end":{"line":85,"column":58}},"6":{"start":{"line":86,"column":8},"end":{"line":86,"column":3876}},"7":{"start":{"line":97,"column":8},"end":{"line":97,"column":35}},"8":{"start":{"line":98,"column":8},"end":{"line":98,"column":41}},"9":{"start":{"line":99,"column":8},"end":{"line":99,"column":42}},"10":{"start":{"line":100,"column":8},"end":{"line":100,"column":95}},"11":{"start":{"line":101,"column":8},"end":{"line":101,"column":38}},"12":{"start":{"line":102,"column":8},"end":{"line":102,"column":31}},"13":{"start":{"line":110,"column":8},"end":{"line":110,"column":83}},"14":{"start":{"line":112,"column":8},"end":{"line":112,"column":4889}},"15":{"start":{"line":113,"column":12},"end":{"line":113,"column":46}},"16":{"start":{"line":115,"column":12},"end":{"line":115,"column":92}},"17":{"start":{"line":124,"column":8},"end":{"line":124,"column":99}},"18":{"start":{"line":143,"column":8},"end":{"line":143,"column":70}},"19":{"start":{"line":149,"column":8},"end":{"line":149,"column":83}},"20":{"start":{"line":150,"column":8},"end":{"line":150,"column":30}},"21":{"start":{"line":156,"column":8},"end":{"line":156,"column":83}},"22":{"start":{"line":157,"column":8},"end":{"line":157,"column":30}}},"branchMap":{"1":{"line":72,"type":"if","locations":[{"start":{"line":72,"column":8},"end":{"line":72,"column":8}},{"start":{"line":72,"column":8},"end":{"line":72,"column":8}}]},"2":{"line":78,"type":"if","locations":[{"start":{"line":78,"column":8},"end":{"line":78,"column":8}},{"start":{"line":78,"column":8},"end":{"line":78,"column":8}}]},"3":{"line":112,"type":"if","locations":[{"start":{"line":112,"column":8},"end":{"line":112,"column":8}},{"start":{"line":112,"column":8},"end":{"line":112,"column":8}}]}}},"contracts/facets/EIP712/LibEIP712Storage.sol":{"l":{"20":0,"21":0},"path":"/Users/mohamedtaha/Desktop/work/marhaba-defi/nft_souq_contracts/diamon-2-hardhat/contracts/facets/EIP712/LibEIP712Storage.sol","s":{"1":0},"b":{},"f":{"1":0},"fnMap":{"1":{"name":"eip712torage","line":19,"loc":{"start":{"line":19,"column":2},"end":{"line":24,"column":2}}}},"statementMap":{"1":{"start":{"line":20,"column":4},"end":{"line":20,"column":47}}},"branchMap":{}},"contracts/facets/ERC1155/ERC1155Facet.sol":{"l":{"54":0,"56":0,"73":0,"77":0,"79":0,"96":0,"101":0,"103":0,"104":0,"107":0,"119":0,"120":0,"134":0,"147":0,"151":0,"173":0,"175":0,"177":0,"185":0,"187":0,"188":0,"192":0,"193":0,"195":0,"197":0,"199":0,"219":0,"223":0,"225":0,"227":0,"229":0,"231":0,"232":0,"233":0,"235":0,"236":0,"240":0,"241":0,"243":0,"246":0,"248":0,"278":0,"279":0,"299":0,"301":0,"303":0,"312":0,"314":0,"315":0,"317":0,"342":0,"343":0,"348":0,"350":0,"352":0,"353":0,"354":0,"357":0,"359":0,"382":0,"384":0,"386":0,"395":0,"397":0,"398":0,"402":0,"403":0,"406":0,"421":0,"422":0,"427":0,"429":0,"431":0,"433":0,"434":0,"435":0,"437":0,"438":0,"442":0,"443":0,"447":0,"487":0,"488":0,"497":0,"498":0,"501":0,"503":0,"516":0,"517":0,"526":0,"529":0,"532":0,"534":0,"544":0,"545":0,"547":0},"path":"/Users/mohamedtaha/Desktop/work/marhaba-defi/nft_souq_contracts/diamon-2-hardhat/contracts/facets/ERC1155/ERC1155Facet.sol","s":{"1":0,"2":0,"3":0,"4":0,"5":0,"6":0,"7":0,"8":0,"9":0,"10":0,"11":0,"12":0,"13":0,"14":0,"15":0,"16":0,"17":0,"18":0,"19":0,"20":0,"21":0,"22":0,"23":0,"24":0,"25":0,"26":0,"27":0,"28":0,"29":0,"30":0,"31":0,"32":0,"33":0,"34":0,"35":0,"36":0,"37":0,"38":0,"39":0,"40":0,"41":0,"42":0,"43":0,"44":0,"45":0,"46":0,"47":0,"48":0,"49":0,"50":0,"51":0,"52":0,"53":0,"54":0,"55":0,"56":0,"57":0,"58":0,"59":0,"60":0,"61":0,"62":0,"63":0,"64":0,"65":0,"66":0,"67":0,"68":0,"69":0,"70":0,"71":0,"72":0,"73":0,"74":0,"75":0,"76":0,"77":0,"78":0,"79":0,"80":0,"81":0,"82":0,"83":0,"84":0,"85":0,"86":0,"87":0,"88":0,"89":0,"90":0,"91":0,"92":0},"b":{"1":[0,0],"2":[0,0],"3":[0,0],"4":[0,0],"5":[0,0],"6":[0,0],"7":[0,0],"8":[0,0],"9":[0,0],"10":[0,0],"11":[0,0],"12":[0,0],"13":[0,0],"14":[0,0],"15":[0,0],"16":[0,0],"17":[0,0],"18":[0,0],"19":[0,0],"20":[0,0]},"f":{"1":0,"2":0,"3":0,"4":0,"5":0,"6":0,"7":0,"8":0,"9":0,"10":0,"11":0,"12":0,"13":0,"14":0,"15":0,"16":0,"17":0},"fnMap":{"1":{"name":"uri","line":53,"loc":{"start":{"line":53,"column":4},"end":{"line":57,"column":4}}},"2":{"name":"balanceOf","line":66,"loc":{"start":{"line":66,"column":4},"end":{"line":80,"column":4}}},"3":{"name":"balanceOfBatch","line":89,"loc":{"start":{"line":89,"column":4},"end":{"line":108,"column":4}}},"4":{"name":"setApprovalForAll","line":113,"loc":{"start":{"line":113,"column":4},"end":{"line":121,"column":4}}},"5":{"name":"safeTransferFrom","line":127,"loc":{"start":{"line":127,"column":4},"end":{"line":135,"column":4}}},"6":{"name":"safeBatchTransferFrom","line":140,"loc":{"start":{"line":140,"column":4},"end":{"line":152,"column":4}}},"7":{"name":"_safeTransferFrom","line":166,"loc":{"start":{"line":166,"column":4},"end":{"line":200,"column":4}}},"8":{"name":"_safeBatchTransferFrom","line":212,"loc":{"start":{"line":212,"column":4},"end":{"line":256,"column":4}}},"9":{"name":"_setURI","line":277,"loc":{"start":{"line":277,"column":4},"end":{"line":280,"column":4}}},"10":{"name":"_mint","line":293,"loc":{"start":{"line":293,"column":4},"end":{"line":325,"column":4}}},"11":{"name":"_mintBatch","line":336,"loc":{"start":{"line":336,"column":4},"end":{"line":367,"column":4}}},"12":{"name":"_burn","line":377,"loc":{"start":{"line":377,"column":4},"end":{"line":407,"column":4}}},"13":{"name":"_burnBatch","line":416,"loc":{"start":{"line":416,"column":4},"end":{"line":448,"column":4}}},"14":{"name":"_beforeTokenTransfer","line":470,"loc":{"start":{"line":470,"column":4},"end":{"line":477,"column":24}}},"15":{"name":"_doSafeTransferAcceptanceCheck","line":479,"loc":{"start":{"line":479,"column":4},"end":{"line":506,"column":4}}},"16":{"name":"_doSafeBatchTransferAcceptanceCheck","line":508,"loc":{"start":{"line":508,"column":4},"end":{"line":537,"column":4}}},"17":{"name":"_asSingletonArray","line":539,"loc":{"start":{"line":539,"column":4},"end":{"line":548,"column":4}}}},"statementMap":{"1":{"start":{"line":54,"column":8},"end":{"line":54,"column":88}},"2":{"start":{"line":56,"column":8},"end":{"line":56,"column":22}},"3":{"start":{"line":73,"column":8},"end":{"line":73,"column":2294}},"4":{"start":{"line":77,"column":8},"end":{"line":77,"column":88}},"5":{"start":{"line":79,"column":8},"end":{"line":79,"column":40}},"6":{"start":{"line":96,"column":8},"end":{"line":96,"column":2885}},"7":{"start":{"line":101,"column":8},"end":{"line":101,"column":71}},"8":{"start":{"line":103,"column":8},"end":{"line":103,"column":3087}},"9":{"start":{"line":104,"column":12},"end":{"line":104,"column":60}},"10":{"start":{"line":107,"column":8},"end":{"line":107,"column":28}},"11":{"start":{"line":119,"column":8},"end":{"line":119,"column":62}},"12":{"start":{"line":120,"column":8},"end":{"line":120,"column":61}},"13":{"start":{"line":134,"column":8},"end":{"line":134,"column":52}},"14":{"start":{"line":147,"column":8},"end":{"line":147,"column":4201}},"15":{"start":{"line":151,"column":8},"end":{"line":151,"column":59}},"16":{"start":{"line":173,"column":8},"end":{"line":173,"column":73}},"17":{"start":{"line":175,"column":8},"end":{"line":175,"column":39}},"18":{"start":{"line":177,"column":8},"end":{"line":177,"column":5173}},"19":{"start":{"line":185,"column":8},"end":{"line":185,"column":88}},"20":{"start":{"line":187,"column":8},"end":{"line":187,"column":52}},"21":{"start":{"line":188,"column":8},"end":{"line":188,"column":5506}},"22":{"start":{"line":193,"column":12},"end":{"line":193,"column":56}},"23":{"start":{"line":195,"column":8},"end":{"line":195,"column":37}},"24":{"start":{"line":197,"column":8},"end":{"line":197,"column":59}},"25":{"start":{"line":199,"column":8},"end":{"line":199,"column":75}},"26":{"start":{"line":219,"column":8},"end":{"line":219,"column":6437}},"27":{"start":{"line":223,"column":8},"end":{"line":223,"column":73}},"28":{"start":{"line":225,"column":8},"end":{"line":225,"column":39}},"29":{"start":{"line":227,"column":8},"end":{"line":227,"column":67}},"30":{"start":{"line":229,"column":8},"end":{"line":229,"column":88}},"31":{"start":{"line":231,"column":8},"end":{"line":231,"column":6843}},"32":{"start":{"line":232,"column":12},"end":{"line":232,"column":31}},"33":{"start":{"line":233,"column":12},"end":{"line":233,"column":39}},"34":{"start":{"line":235,"column":12},"end":{"line":235,"column":56}},"35":{"start":{"line":236,"column":12},"end":{"line":236,"column":7035}},"36":{"start":{"line":241,"column":16},"end":{"line":241,"column":60}},"37":{"start":{"line":243,"column":12},"end":{"line":243,"column":41}},"38":{"start":{"line":246,"column":8},"end":{"line":246,"column":60}},"39":{"start":{"line":248,"column":8},"end":{"line":248,"column":7382}},"40":{"start":{"line":278,"column":8},"end":{"line":278,"column":88}},"41":{"start":{"line":279,"column":8},"end":{"line":279,"column":23}},"42":{"start":{"line":299,"column":8},"end":{"line":299,"column":74}},"43":{"start":{"line":301,"column":8},"end":{"line":301,"column":39}},"44":{"start":{"line":303,"column":8},"end":{"line":303,"column":9200}},"45":{"start":{"line":312,"column":8},"end":{"line":312,"column":88}},"46":{"start":{"line":314,"column":8},"end":{"line":314,"column":42}},"47":{"start":{"line":315,"column":8},"end":{"line":315,"column":70}},"48":{"start":{"line":317,"column":8},"end":{"line":317,"column":9609}},"49":{"start":{"line":342,"column":8},"end":{"line":342,"column":69}},"50":{"start":{"line":343,"column":8},"end":{"line":343,"column":10358}},"51":{"start":{"line":348,"column":8},"end":{"line":348,"column":39}},"52":{"start":{"line":350,"column":8},"end":{"line":350,"column":73}},"53":{"start":{"line":352,"column":8},"end":{"line":352,"column":10603}},"54":{"start":{"line":353,"column":12},"end":{"line":353,"column":92}},"55":{"start":{"line":354,"column":12},"end":{"line":354,"column":49}},"56":{"start":{"line":357,"column":8},"end":{"line":357,"column":66}},"57":{"start":{"line":359,"column":8},"end":{"line":359,"column":10880}},"58":{"start":{"line":382,"column":8},"end":{"line":382,"column":76}},"59":{"start":{"line":384,"column":8},"end":{"line":384,"column":39}},"60":{"start":{"line":386,"column":8},"end":{"line":386,"column":11538}},"61":{"start":{"line":395,"column":8},"end":{"line":395,"column":88}},"62":{"start":{"line":397,"column":8},"end":{"line":397,"column":58}},"63":{"start":{"line":398,"column":8},"end":{"line":398,"column":11887}},"64":{"start":{"line":403,"column":12},"end":{"line":403,"column":62}},"65":{"start":{"line":406,"column":8},"end":{"line":406,"column":70}},"66":{"start":{"line":421,"column":8},"end":{"line":421,"column":76}},"67":{"start":{"line":422,"column":8},"end":{"line":422,"column":12584}},"68":{"start":{"line":427,"column":8},"end":{"line":427,"column":39}},"69":{"start":{"line":429,"column":8},"end":{"line":429,"column":76}},"70":{"start":{"line":431,"column":8},"end":{"line":431,"column":88}},"71":{"start":{"line":433,"column":8},"end":{"line":433,"column":12923}},"72":{"start":{"line":434,"column":12},"end":{"line":434,"column":31}},"73":{"start":{"line":435,"column":12},"end":{"line":435,"column":39}},"74":{"start":{"line":437,"column":12},"end":{"line":437,"column":62}},"75":{"start":{"line":438,"column":12},"end":{"line":438,"column":13121}},"76":{"start":{"line":443,"column":16},"end":{"line":443,"column":66}},"77":{"start":{"line":447,"column":8},"end":{"line":447,"column":71}},"78":{"start":{"line":487,"column":8},"end":{"line":487,"column":14791}},"79":{"start":{"line":488,"column":12},"end":{"line":488,"column":14830}},"80":{"start":{"line":497,"column":16},"end":{"line":497,"column":15101}},"81":{"start":{"line":498,"column":20},"end":{"line":498,"column":69}},"82":{"start":{"line":501,"column":16},"end":{"line":501,"column":29}},"83":{"start":{"line":503,"column":16},"end":{"line":503,"column":77}},"84":{"start":{"line":516,"column":8},"end":{"line":516,"column":15693}},"85":{"start":{"line":517,"column":12},"end":{"line":517,"column":15732}},"86":{"start":{"line":526,"column":16},"end":{"line":526,"column":16010}},"87":{"start":{"line":529,"column":20},"end":{"line":529,"column":69}},"88":{"start":{"line":532,"column":16},"end":{"line":532,"column":29}},"89":{"start":{"line":534,"column":16},"end":{"line":534,"column":77}},"90":{"start":{"line":544,"column":8},"end":{"line":544,"column":49}},"91":{"start":{"line":545,"column":8},"end":{"line":545,"column":25}},"92":{"start":{"line":547,"column":8},"end":{"line":547,"column":20}}},"branchMap":{"1":{"line":73,"type":"if","locations":[{"start":{"line":73,"column":8},"end":{"line":73,"column":8}},{"start":{"line":73,"column":8},"end":{"line":73,"column":8}}]},"2":{"line":96,"type":"if","locations":[{"start":{"line":96,"column":8},"end":{"line":96,"column":8}},{"start":{"line":96,"column":8},"end":{"line":96,"column":8}}]},"3":{"line":147,"type":"if","locations":[{"start":{"line":147,"column":8},"end":{"line":147,"column":8}},{"start":{"line":147,"column":8},"end":{"line":147,"column":8}}]},"4":{"line":173,"type":"if","locations":[{"start":{"line":173,"column":8},"end":{"line":173,"column":8}},{"start":{"line":173,"column":8},"end":{"line":173,"column":8}}]},"5":{"line":188,"type":"if","locations":[{"start":{"line":188,"column":8},"end":{"line":188,"column":8}},{"start":{"line":188,"column":8},"end":{"line":188,"column":8}}]},"6":{"line":219,"type":"if","locations":[{"start":{"line":219,"column":8},"end":{"line":219,"column":8}},{"start":{"line":219,"column":8},"end":{"line":219,"column":8}}]},"7":{"line":223,"type":"if","locations":[{"start":{"line":223,"column":8},"end":{"line":223,"column":8}},{"start":{"line":223,"column":8},"end":{"line":223,"column":8}}]},"8":{"line":236,"type":"if","locations":[{"start":{"line":236,"column":12},"end":{"line":236,"column":12}},{"start":{"line":236,"column":12},"end":{"line":236,"column":12}}]},"9":{"line":299,"type":"if","locations":[{"start":{"line":299,"column":8},"end":{"line":299,"column":8}},{"start":{"line":299,"column":8},"end":{"line":299,"column":8}}]},"10":{"line":342,"type":"if","locations":[{"start":{"line":342,"column":8},"end":{"line":342,"column":8}},{"start":{"line":342,"column":8},"end":{"line":342,"column":8}}]},"11":{"line":343,"type":"if","locations":[{"start":{"line":343,"column":8},"end":{"line":343,"column":8}},{"start":{"line":343,"column":8},"end":{"line":343,"column":8}}]},"12":{"line":382,"type":"if","locations":[{"start":{"line":382,"column":8},"end":{"line":382,"column":8}},{"start":{"line":382,"column":8},"end":{"line":382,"column":8}}]},"13":{"line":398,"type":"if","locations":[{"start":{"line":398,"column":8},"end":{"line":398,"column":8}},{"start":{"line":398,"column":8},"end":{"line":398,"column":8}}]},"14":{"line":421,"type":"if","locations":[{"start":{"line":421,"column":8},"end":{"line":421,"column":8}},{"start":{"line":421,"column":8},"end":{"line":421,"column":8}}]},"15":{"line":422,"type":"if","locations":[{"start":{"line":422,"column":8},"end":{"line":422,"column":8}},{"start":{"line":422,"column":8},"end":{"line":422,"column":8}}]},"16":{"line":438,"type":"if","locations":[{"start":{"line":438,"column":12},"end":{"line":438,"column":12}},{"start":{"line":438,"column":12},"end":{"line":438,"column":12}}]},"17":{"line":487,"type":"if","locations":[{"start":{"line":487,"column":8},"end":{"line":487,"column":8}},{"start":{"line":487,"column":8},"end":{"line":487,"column":8}}]},"18":{"line":497,"type":"if","locations":[{"start":{"line":497,"column":16},"end":{"line":497,"column":16}},{"start":{"line":497,"column":16},"end":{"line":497,"column":16}}]},"19":{"line":516,"type":"if","locations":[{"start":{"line":516,"column":8},"end":{"line":516,"column":8}},{"start":{"line":516,"column":8},"end":{"line":516,"column":8}}]},"20":{"line":526,"type":"if","locations":[{"start":{"line":526,"column":16},"end":{"line":526,"column":16}},{"start":{"line":526,"column":16},"end":{"line":526,"column":16}}]}}},"contracts/facets/ERC1155/LibERC1155Storage.sol":{"l":{"21":0,"22":0},"path":"/Users/mohamedtaha/Desktop/work/marhaba-defi/nft_souq_contracts/diamon-2-hardhat/contracts/facets/ERC1155/LibERC1155Storage.sol","s":{"1":0},"b":{},"f":{"1":0},"fnMap":{"1":{"name":"erc1155Storage","line":20,"loc":{"start":{"line":20,"column":2},"end":{"line":25,"column":2}}}},"statementMap":{"1":{"start":{"line":21,"column":4},"end":{"line":21,"column":48}}},"branchMap":{}},"contracts/facets/ERC1155Factory/ERC1155FactoryFacet.sol":{"l":{"24":0,"25":0,"29":0,"30":0,"31":0,"33":0,"35":0,"36":0,"37":0,"48":0,"49":0,"74":0,"75":0,"76":0,"80":0,"81":0,"82":0,"83":0,"84":0,"105":0,"106":0,"107":0,"122":0,"131":0,"147":0,"148":0,"149":0,"150":0,"151":0,"152":0,"154":0,"156":0,"157":0,"158":0,"159":0,"160":0,"164":0,"166":0,"167":0,"168":0,"170":0,"171":0,"173":0},"path":"/Users/mohamedtaha/Desktop/work/marhaba-defi/nft_souq_contracts/diamon-2-hardhat/contracts/facets/ERC1155Factory/ERC1155FactoryFacet.sol","s":{"1":0,"2":0,"3":0,"4":0,"5":0,"6":0,"7":0,"8":0,"9":0,"10":0,"11":0,"12":0,"13":0,"14":0,"15":0,"16":0,"17":0,"18":0,"19":0,"20":0,"21":0,"22":0,"23":0,"24":0,"25":0,"26":0,"27":0,"28":0,"29":0,"30":0,"31":0,"32":0,"33":0,"34":0,"35":0,"36":0,"37":0,"38":0,"39":0,"40":0,"41":0,"42":0},"b":{"1":[0,0],"2":[0,0],"3":[0,0],"4":[0,0],"5":[0,0],"6":[0,0],"7":[0,0],"8":[0,0],"9":[0,0],"10":[0,0],"11":[0,0],"12":[0,0]},"f":{"1":0,"2":0,"3":0,"4":0,"5":0,"6":0,"7":0,"8":0,"9":0},"fnMap":{"1":{"name":"onlyMediaCaller","line":23,"loc":{"start":{"line":23,"column":1},"end":{"line":26,"column":4}}},"2":{"name":"erc1155FactoryFacetInit","line":28,"loc":{"start":{"line":28,"column":4},"end":{"line":38,"column":4}}},"3":{"name":"_setTokenURI1155","line":47,"loc":{"start":{"line":47,"column":4},"end":{"line":50,"column":4}}},"4":{"name":"mint","line":73,"loc":{"start":{"line":64,"column":4},"end":{"line":85,"column":4}}},"5":{"name":"transfer","line":99,"loc":{"start":{"line":99,"column":4},"end":{"line":108,"column":4}}},"6":{"name":"burn","line":120,"loc":{"start":{"line":120,"column":1},"end":{"line":123,"column":4}}},"7":{"name":"_feeDenominator1155","line":130,"loc":{"start":{"line":130,"column":4},"end":{"line":132,"column":4}}},"8":{"name":"_setTokenRoyalty1155","line":142,"loc":{"start":{"line":142,"column":4},"end":{"line":161,"column":4}}},"9":{"name":"royaltyInfo1155","line":163,"loc":{"start":{"line":163,"column":4},"end":{"line":174,"column":4}}}},"statementMap":{"1":{"start":{"line":24,"column":8},"end":{"line":24,"column":85}},"2":{"start":{"line":29,"column":8},"end":{"line":29,"column":74}},"3":{"start":{"line":30,"column":8},"end":{"line":30,"column":116}},"4":{"start":{"line":31,"column":8},"end":{"line":31,"column":97}},"5":{"start":{"line":33,"column":8},"end":{"line":33,"column":88}},"6":{"start":{"line":35,"column":2},"end":{"line":35,"column":66}},"7":{"start":{"line":36,"column":8},"end":{"line":36,"column":22}},"8":{"start":{"line":37,"column":8},"end":{"line":37,"column":26}},"9":{"start":{"line":48,"column":8},"end":{"line":48,"column":116}},"10":{"start":{"line":49,"column":8},"end":{"line":49,"column":41}},"11":{"start":{"line":74,"column":8},"end":{"line":74,"column":2692}},"12":{"start":{"line":75,"column":12},"end":{"line":75,"column":152}},"13":{"start":{"line":76,"column":12},"end":{"line":76,"column":99}},"14":{"start":{"line":80,"column":8},"end":{"line":80,"column":116}},"15":{"start":{"line":81,"column":8},"end":{"line":81,"column":40}},"16":{"start":{"line":82,"column":8},"end":{"line":82,"column":42}},"17":{"start":{"line":83,"column":8},"end":{"line":83,"column":47}},"18":{"start":{"line":84,"column":8},"end":{"line":84,"column":42}},"19":{"start":{"line":105,"column":8},"end":{"line":105,"column":76}},"20":{"start":{"line":106,"column":8},"end":{"line":106,"column":58}},"21":{"start":{"line":107,"column":8},"end":{"line":107,"column":19}},"22":{"start":{"line":122,"column":8},"end":{"line":122,"column":35}},"23":{"start":{"line":131,"column":8},"end":{"line":131,"column":20}},"24":{"start":{"line":147,"column":8},"end":{"line":147,"column":80}},"25":{"start":{"line":148,"column":8},"end":{"line":148,"column":98}},"26":{"start":{"line":149,"column":8},"end":{"line":149,"column":131}},"27":{"start":{"line":150,"column":8},"end":{"line":150,"column":32}},"28":{"start":{"line":151,"column":8},"end":{"line":151,"column":5749}},"29":{"start":{"line":152,"column":12},"end":{"line":152,"column":48}},"30":{"start":{"line":154,"column":8},"end":{"line":154,"column":112}},"31":{"start":{"line":156,"column":8},"end":{"line":156,"column":116}},"32":{"start":{"line":157,"column":8},"end":{"line":157,"column":64}},"33":{"start":{"line":158,"column":8},"end":{"line":158,"column":40}},"34":{"start":{"line":159,"column":8},"end":{"line":159,"column":50}},"35":{"start":{"line":160,"column":8},"end":{"line":160,"column":50}},"36":{"start":{"line":164,"column":2},"end":{"line":164,"column":110}},"37":{"start":{"line":166,"column":8},"end":{"line":166,"column":76}},"38":{"start":{"line":167,"column":8},"end":{"line":167,"column":82}},"39":{"start":{"line":168,"column":8},"end":{"line":168,"column":72}},"40":{"start":{"line":170,"column":8},"end":{"line":170,"column":6808}},"41":{"start":{"line":171,"column":12},"end":{"line":171,"column":81}},"42":{"start":{"line":173,"column":8},"end":{"line":173,"column":41}}},"branchMap":{"1":{"line":24,"type":"if","locations":[{"start":{"line":24,"column":8},"end":{"line":24,"column":8}},{"start":{"line":24,"column":8},"end":{"line":24,"column":8}}]},"2":{"line":31,"type":"if","locations":[{"start":{"line":31,"column":8},"end":{"line":31,"column":8}},{"start":{"line":31,"column":8},"end":{"line":31,"column":8}}]},"3":{"line":33,"type":"if","locations":[{"start":{"line":33,"column":8},"end":{"line":33,"column":8}},{"start":{"line":33,"column":8},"end":{"line":33,"column":8}}]},"4":{"line":35,"type":"if","locations":[{"start":{"line":35,"column":2},"end":{"line":35,"column":2}},{"start":{"line":35,"column":2},"end":{"line":35,"column":2}}]},"5":{"line":74,"type":"if","locations":[{"start":{"line":74,"column":8},"end":{"line":74,"column":8}},{"start":{"line":74,"column":8},"end":{"line":74,"column":8}}]},"6":{"line":75,"type":"if","locations":[{"start":{"line":75,"column":12},"end":{"line":75,"column":12}},{"start":{"line":75,"column":12},"end":{"line":75,"column":12}}]},"7":{"line":76,"type":"if","locations":[{"start":{"line":76,"column":12},"end":{"line":76,"column":12}},{"start":{"line":76,"column":12},"end":{"line":76,"column":12}}]},"8":{"line":105,"type":"if","lo
[...]
t_souq_contracts/diamon-2-hardhat/contracts/interfaces/IERC721A.sol","s":{},"b":{},"f":{},"fnMap":{},"statementMap":{},"branchMap":{}},"contracts/interfaces/IERC721Metadata.sol":{"l":{},"path":"/Users/mohamedtaha/Desktop/work/marhaba-defi/nft_souq_contracts/diamon-2-hardhat/contracts/interfaces/IERC721Metadata.sol","s":{},"b":{},"f":{},"fnMap":{},"statementMap":{},"branchMap":{}},"contracts/libraries/LibAppStorage.sol":{"l":{},"path":"/Users/mohamedtaha/Desktop/work/marhaba-defi/nft_souq_contracts/diamon-2-hardhat/contracts/libraries/LibAppStorage.sol","s":{},"b":{},"f":{},"fnMap":{},"statementMap":{},"branchMap":{}},"contracts/libraries/LibDiamond.sol":{"l":{"30":0,"31":0,"39":0,"40":0,"41":0,"42":0,"46":0,"50":0,"63":0,"64":0,"65":0,"66":0,"67":0,"68":0,"69":0,"70":0,"71":0,"72":0,"73":0,"78":0,"79":0,"80":0,"81":0,"82":0,"96":0,"97":0,"98":0,"99":0,"102":0,"105":0,"108":0,"109":0,"117":0,"118":0,"122":0,"124":0,"126":0,"127":0,"137":0,"138":0,"139":0,"140":0,"141":0,"142":0,"143":0,"144":0,"146":0,"148":0,"150":0,"152":0,"154":0,"155":0,"157":0,"160":0,"161":0,"162":0,"163":0,"164":0,"166":0,"167":0,"168":0,"170":0,"173":0,"175":0,"177":0,"178":0,"179":0,"181":0,"182":0,"183":0,"185":0,"187":0,"188":0,"189":0,"191":0,"192":0,"193":0,"194":0,"196":0,"199":0,"200":0,"202":0,"204":0,"205":0,"207":0,"209":0,"211":0,"212":0,"214":0,"218":0,"221":0,"225":0,"226":0,"227":0,"230":0,"232":0,"234":0,"238":0,"239":0,"241":0,"242":0,"243":0,"245":0,"246":0,"247":0,"249":0,"251":0,"258":0,"259":0,"262":0},"path":"/Users/mohamedtaha/Desktop/work/marhaba-defi/nft_souq_contracts/diamon-2-hardhat/contracts/libraries/LibDiamond.sol","s":{"1":0,"2":0,"3":0,"4":0,"5":0,"6":0,"7":0,"8":0,"9":0,"10":0,"11":0,"12":0,"13":0,"14":0,"15":0,"16":0,"17":0,"18":0,"19":0,"20":0,"21":0,"22":0,"23":0,"24":0,"25":0,"26":0,"27":0,"28":0,"29":0,"30":0,"31":0,"32":0,"33":0,"34":0,"35":0,"36":0,"37":0,"38":0,"39":0,"40":0,"41":0,"42":0,"43":0,"44":0,"45":0,"46":0,"47":0,"48":0,"49":0,"50":0,"51":0,"52":0,"53":0,"54":0,"55":0,"56":0,"57":0,"58":0,"59":0,"60":0,"61":0,"62":0,"63":0,"64":0,"65":0,"66":0,"67":0,"68":0,"69":0,"70":0,"71":0,"72":0,"73":0,"74":0,"75":0,"76":0,"77":0,"78":0,"79":0,"80":0,"81":0,"82":0,"83":0,"84":0,"85":0,"86":0,"87":0,"88":0,"89":0,"90":0,"91":0,"92":0,"93":0,"94":0,"95":0,"96":0,"97":0,"98":0,"99":0,"100":0,"101":0,"102":0,"103":0,"104":0},"b":{"1":[0,0],"2":[0,0],"3":[0,0],"4":[0,0],"5":[0,0],"6":[0,0],"7":[0,0],"8":[0,0],"9":[0,0],"10":[0,0],"11":[0,0],"12":[0,0],"13":[0,0],"14":[0,0],"15":[0,0],"16":[0,0],"17":[0,0],"18":[0,0],"19":[0,0],"20":[0,0],"21":[0,0],"22":[0,0],"23":[0,0],"24":[0,0],"25":[0,0],"26":[0,0],"27":[0,0]},"f":{"1":0,"2":0,"3":0,"4":0,"5":0,"6":0,"7":0,"8":0,"9":0},"fnMap":{"1":{"name":"diamondStorage","line":29,"loc":{"start":{"line":29,"column":4},"end":{"line":34,"column":4}}},"2":{"name":"setContractOwner","line":38,"loc":{"start":{"line":38,"column":4},"end":{"line":43,"column":4}}},"3":{"name":"contractOwner","line":45,"loc":{"start":{"line":45,"column":4},"end":{"line":47,"column":4}}},"4":{"name":"enforceIsContractOwner","line":49,"loc":{"start":{"line":49,"column":4},"end":{"line":51,"column":4}}},"5":{"name":"addDiamondFunctions","line":58,"loc":{"start":{"line":58,"column":4},"end":{"line":83,"column":4}}},"6":{"name":"diamondCut","line":91,"loc":{"start":{"line":91,"column":4},"end":{"line":128,"column":4}}},"7":{"name":"addReplaceRemoveFacetSelectors","line":130,"loc":{"start":{"line":130,"column":4},"end":{"line":235,"column":4}}},"8":{"name":"initializeDiamondCut","line":237,"loc":{"start":{"line":237,"column":4},"end":{"line":255,"column":4}}},"9":{"name":"enforceHasContractCode","line":257,"loc":{"start":{"line":257,"column":4},"end":{"line":263,"column":4}}}},"statementMap":{"1":{"start":{"line":30,"column":8},"end":{"line":30,"column":51}},"2":{"start":{"line":39,"column":8},"end":{"line":39,"column":52}},"3":{"start":{"line":40,"column":8},"end":{"line":40,"column":48}},"4":{"start":{"line":41,"column":8},"end":{"line":41,"column":35}},"5":{"start":{"line":42,"column":8},"end":{"line":42,"column":59}},"6":{"start":{"line":46,"column":8},"end":{"line":46,"column":54}},"7":{"start":{"line":50,"column":8},"end":{"line":50,"column":98}},"8":{"start":{"line":63,"column":8},"end":{"line":63,"column":73}},"9":{"start":{"line":64,"column":8},"end":{"line":64,"column":59}},"10":{"start":{"line":65,"column":8},"end":{"line":65,"column":61}},"11":{"start":{"line":66,"column":8},"end":{"line":66,"column":148}},"12":{"start":{"line":67,"column":8},"end":{"line":67,"column":42}},"13":{"start":{"line":68,"column":8},"end":{"line":68,"column":59}},"14":{"start":{"line":69,"column":8},"end":{"line":69,"column":75}},"15":{"start":{"line":70,"column":8},"end":{"line":70,"column":67}},"16":{"start":{"line":71,"column":8},"end":{"line":71,"column":65}},"17":{"start":{"line":72,"column":8},"end":{"line":72,"column":64}},"18":{"start":{"line":73,"column":8},"end":{"line":73,"column":3209}},"19":{"start":{"line":78,"column":8},"end":{"line":78,"column":42}},"20":{"start":{"line":79,"column":8},"end":{"line":79,"column":64}},"21":{"start":{"line":80,"column":8},"end":{"line":80,"column":52}},"22":{"start":{"line":81,"column":8},"end":{"line":81,"column":147}},"23":{"start":{"line":82,"column":8},"end":{"line":82,"column":38}},"24":{"start":{"line":96,"column":8},"end":{"line":96,"column":52}},"25":{"start":{"line":97,"column":8},"end":{"line":97,"column":56}},"26":{"start":{"line":98,"column":8},"end":{"line":98,"column":53}},"27":{"start":{"line":99,"column":8},"end":{"line":99,"column":28}},"28":{"start":{"line":102,"column":8},"end":{"line":102,"column":4596}},"29":{"start":{"line":105,"column":12},"end":{"line":105,"column":62}},"30":{"start":{"line":108,"column":8},"end":{"line":108,"column":4868}},"31":{"start":{"line":109,"column":12},"end":{"line":109,"column":4958}},"32":{"start":{"line":117,"column":8},"end":{"line":117,"column":5272}},"33":{"start":{"line":118,"column":12},"end":{"line":118,"column":51}},"34":{"start":{"line":122,"column":8},"end":{"line":122,"column":5522}},"35":{"start":{"line":124,"column":12},"end":{"line":124,"column":62}},"36":{"start":{"line":126,"column":8},"end":{"line":126,"column":54}},"37":{"start":{"line":127,"column":8},"end":{"line":127,"column":45}},"38":{"start":{"line":137,"column":8},"end":{"line":137,"column":52}},"39":{"start":{"line":138,"column":8},"end":{"line":138,"column":84}},"40":{"start":{"line":139,"column":8},"end":{"line":139,"column":6238}},"41":{"start":{"line":140,"column":12},"end":{"line":140,"column":91}},"42":{"start":{"line":141,"column":12},"end":{"line":141,"column":6397}},"43":{"start":{"line":142,"column":16},"end":{"line":142,"column":59}},"44":{"start":{"line":143,"column":16},"end":{"line":143,"column":54}},"45":{"start":{"line":144,"column":16},"end":{"line":144,"column":121}},"46":{"start":{"line":146,"column":16},"end":{"line":146,"column":88}},"47":{"start":{"line":148,"column":16},"end":{"line":148,"column":74}},"48":{"start":{"line":150,"column":16},"end":{"line":150,"column":145}},"49":{"start":{"line":152,"column":16},"end":{"line":152,"column":7322}},"50":{"start":{"line":154,"column":20},"end":{"line":154,"column":72}},"51":{"start":{"line":155,"column":20},"end":{"line":155,"column":36}},"52":{"start":{"line":159,"column":15},"end":{"line":159,"column":7643}},"53":{"start":{"line":160,"column":12},"end":{"line":160,"column":95}},"54":{"start":{"line":161,"column":12},"end":{"line":161,"column":7810}},"55":{"start":{"line":162,"column":16},"end":{"line":162,"column":59}},"56":{"start":{"line":163,"column":16},"end":{"line":163,"column":54}},"57":{"start":{"line":164,"column":16},"end":{"line":164,"column":68}},"58":{"start":{"line":166,"column":16},"end":{"line":166,"column":107}},"59":{"start":{"line":167,"column":16},"end":{"line":167,"column":119}},"60":{"start":{"line":168,"column":16},"end":{"line":168,"column":113}},"61":{"start":{"line":170,"column":16},"end":{"line":170,"column":96}},"62":{"start":{"line":172,"column":15},"end":{"line":172,"column":8656}},"63":{"start":{"line":173,"column":12},"end":{"line":173,"column":108}},"64":{"start":{"line":175,"column":12},"end":{"line":175,"column":59}},"65":{"start":{"line":177,"column":12},"end":{"line":177,"column":60}},"66":{"start":{"line":178,"column":12},"end":{"line":178,"column":9142}},"67":{"start":{"line":179,"column":16},"end":{"line":179,"column":9244}},"68":{"start":{"line":182,"column":20},"end":{"line":182,"column":70}},"69":{"start":{"line":183,"column":20},"end":{"line":183,"column":42}},"70":{"start":{"line":187,"column":16},"end":{"line":187,"column":35}},"71":{"start":{"line":188,"column":16},"end":{"line":188,"column":45}},"72":{"start":{"line":189,"column":16},"end":{"line":189,"column":49}},"73":{"start":{"line":192,"column":20},"end":{"line":192,"column":63}},"74":{"start":{"line":193,"column":20},"end":{"line":193,"column":58}},"75":{"start":{"line":194,"column":20},"end":{"line":194,"column":127}},"76":{"start":{"line":196,"column":20},"end":{"line":196,"column":121}},"77":{"start":{"line":199,"column":20},"end":{"line":199,"column":85}},"78":{"start":{"line":200,"column":20},"end":{"line":200,"column":10455}},"79":{"start":{"line":202,"column":24},"end":{"line":202,"column":115}},"80":{"start":{"line":205,"column":20},"end":{"line":205,"column":72}},"81":{"start":{"line":207,"column":20},"end":{"line":207,"column":64}},"82":{"start":{"line":209,"column":20},"end":{"line":209,"column":74}},"83":{"start":{"line":211,"column":16},"end":{"line":211,"column":11198}},"84":{"start":{"line":212,"column":20},"end":{"line":212,"column":85}},"85":{"start":{"line":214,"column":20},"end":{"line":214,"column":11514}},"86":{"start":{"line":218,"column":20},"end":{"line":218,"column":76}},"87":{"start":{"line":221,"column":20},"end":{"line":221,"column":11993}},"88":{"start":{"line":225,"column":16},"end":{"line":225,"column":12158}},"89":{"start":{"line":227,"column":20},"end":{"line":227,"column":36}},"90":{"start":{"line":230,"column":12},"end":{"line":230,"column":71}},"91":{"start":{"line":232,"column":12},"end":{"line":232,"column":60}},"92":{"start":{"line":234,"column":8},"end":{"line":234,"column":46}},"93":{"start":{"line":238,"column":8},"end":{"line":238,"column":12628}},"94":{"start":{"line":239,"column":12},"end":{"line":239,"column":105}},"95":{"start":{"line":241,"column":12},"end":{"line":241,"column":105}},"96":{"start":{"line":242,"column":12},"end":{"line":242,"column":12904}},"97":{"start":{"line":243,"column":16},"end":{"line":243,"column":88}},"98":{"start":{"line":245,"column":12},"end":{"line":245,"column":78}},"99":{"start":{"line":246,"column":12},"end":{"line":246,"column":13131}},"100":{"start":{"line":247,"column":16},"end":{"line":247,"column":13167}},"101":{"start":{"line":249,"column":20},"end":{"line":249,"column":40}},"102":{"start":{"line":251,"column":20},"end":{"line":251,"column":67}},"103":{"start":{"line":258,"column":8},"end":{"line":258,"column":28}},"104":{"start":{"line":262,"column":8},"end":{"line":262,"column":47}}},"branchMap":{"1":{"line":50,"type":"if","locations":[{"start":{"line":50,"column":8},"end":{"line":50,"column":8}},{"start":{"line":50,"column":8},"end":{"line":50,"column":8}}]},"2":{"line":102,"type":"if","locations":[{"start":{"line":102,"column":8},"end":{"line":102,"column":8}},{"start":{"line":102,"column":8},"end":{"line":102,"column":8}}]},"3":{"line":117,"type":"if","locations":[{"start":{"line":117,"column":8},"end":{"line":117,"column":8}},{"start":{"line":117,"column":8},"end":{"line":117,"column":8}}]},"4":{"line":122,"type":"if","locations":[{"start":{"line":122,"column":8},"end":{"line":122,"column":8}},{"start":{"line":122,"column":8},"end":{"line":122,"column":8}}]},"5":{"line":138,"type":"if","locations":[{"start":{"line":138,"column":8},"end":{"line":138,"column":8}},{"start":{"line":138,"column":8},"end":{"line":138,"column":8}}]},"6":{"line":139,"type":"if","locations":[{"start":{"line":139,"column":8},"end":{"line":139,"column":8}},{"start":{"line":139,"column":8},"end":{"line":139,"column":8}}]},"7":{"line":144,"type":"if","locations":[{"start":{"line":144,"column":16},"end":{"line":144,"column":16}},{"start":{"line":144,"column":16},"end":{"line":144,"column":16}}]},"8":{"line":152,"type":"if","locations":[{"start":{"line":152,"column":16},"end":{"line":152,"column":16}},{"start":{"line":152,"column":16},"end":{"line":152,"column":16}}]},"9":{"line":159,"type":"if","locations":[{"start":{"line":159,"column":15},"end":{"line":159,"column":15}},{"start":{"line":159,"column":15},"end":{"line":159,"column":15}}]},"10":{"line":166,"type":"if","locations":[{"start":{"line":166,"column":16},"end":{"line":166,"column":16}},{"start":{"line":166,"column":16},"end":{"line":166,"column":16}}]},"11":{"line":167,"type":"if","locations":[{"start":{"line":167,"column":16},"end":{"line":167,"column":16}},{"start":{"line":167,"column":16},"end":{"line":167,"column":16}}]},"12":{"line":168,"type":"if","locations":[{"start":{"line":168,"column":16},"end":{"line":168,"column":16}},{"start":{"line":168,"column":16},"end":{"line":168,"column":16}}]},"13":{"line":172,"type":"if","locations":[{"start":{"line":172,"column":15},"end":{"line":172,"column":15}},{"start":{"line":172,"column":15},"end":{"line":172,"column":15}}]},"14":{"line":173,"type":"if","locations":[{"start":{"line":173,"column":12},"end":{"line":173,"column":12}},{"start":{"line":173,"column":12},"end":{"line":173,"column":12}}]},"15":{"line":179,"type":"if","locations":[{"start":{"line":179,"column":16},"end":{"line":179,"column":16}},{"start":{"line":179,"column":16},"end":{"line":179,"column":16}}]},"16":{"line":194,"type":"if","locations":[{"start":{"line":194,"column":20},"end":{"line":194,"column":20}},{"start":{"line":194,"column":20},"end":{"line":194,"column":20}}]},"17":{"line":196,"type":"if","locations":[{"start":{"line":196,"column":20},"end":{"line":196,"column":20}},{"start":{"line":196,"column":20},"end":{"line":196,"column":20}}]},"18":{"line":200,"type":"if","locations":[{"start":{"line":200,"column":20},"end":{"line":200,"column":20}},{"start":{"line":200,"column":20},"end":{"line":200,"column":20}}]},"19":{"line":211,"type":"if","locations":[{"start":{"line":211,"column":16},"end":{"line":211,"column":16}},{"start":{"line":211,"column":16},"end":{"line":211,"column":16}}]},"20":{"line":225,"type":"if","locations":[{"start":{"line":225,"column":16},"end":{"line":225,"column":16}},{"start":{"line":225,"column":16},"end":{"line":225,"column":16}}]},"21":{"line":238,"type":"if","locations":[{"start":{"line":238,"column":8},"end":{"line":238,"column":8}},{"start":{"line":238,"column":8},"end":{"line":238,"column":8}}]},"22":{"line":239,"type":"if","locations":[{"start":{"line":239,"column":12},"end":{"line":239,"column":12}},{"start":{"line":239,"column":12},"end":{"line":239,"column":12}}]},"23":{"line":241,"type":"if","locations":[{"start":{"line":241,"column":12},"end":{"line":241,"column":12}},{"start":{"line":241,"column":12},"end":{"line":241,"column":12}}]},"24":{"line":242,"type":"if","locations":[{"start":{"line":242,"column":12},"end":{"line":242,"column":12}},{"start":{"line":242,"column":12},"end":{"line":242,"column":12}}]},"25":{"line":246,"type":"if","locations":[{"start":{"line":246,"column":12},"end":{"line":246,"column":12}},{"start":{"line":246,"column":12},"end":{"line":246,"column":12}}]},"26":{"line":247,"type":"if","locations":[{"start":{"line":247,"column":16},"end":{"line":247,"column":16}},{"start":{"line":247,"column":16},"end":{"line":247,"column":16}}]},"27":{"line":262,"type":"if","locations":[{"start":{"line":262,"column":8},"end":{"line":262,"column":8}},{"start":{"line":262,"column":8},"end":{"line":262,"column":8}}]}}},"contracts/libraries/LibURI.sol":{"l":{"12":0,"13":0,"15":0,"16":0,"19":0,"20":0,"21":0,"25":0},"path":"/Users/mohamedtaha/Desktop/work/marhaba-defi/nft_souq_contracts/diamon-2-hardhat/contracts/libraries/LibURI.sol","s":{"1":0,"2":0,"3":0,"4":0,"5":0,"6":0,"7":0,"8":0},"b":{"1":[0,0],"2":[0,0]},"f":{"1":0},"fnMap":{"1":{"name":"checkPrefix","line":7,"loc":{"start":{"line":7,"column":4},"end":{"line":26,"column":4}}}},"statementMap":{"1":{"start":{"line":12,"column":8},"end":{"line":12,"column":44}},"2":{"start":{"line":13,"column":8},"end":{"line":13,"column":50}},"3":{"start":{"line":15,"column":8},"end":{"line":15,"column":429}},"4":{"start":{"line":16,"column":12},"end":{"line":16,"column":60}},"5":{"start":{"line":19,"column":8},"end":{"line":19,"column":554}},"6":{"start":{"line":20,"column":12},"end":{"line":20,"column":619}},"7":{"start":{"line":21,"column":16},"end":{"line":21,"column":64}},"8":{"start":{"line":25,"column":8},"end":{"line":25,"column":24}}},"branchMap":{"1":{"line":15,"type":"if","locations":[{"start":{"line":15,"column":8},"end":{"line":15,"column":8}},{"start":{"line":15,"column":8},"end":{"line":15,"column":8}}]},"2":{"line":20,"type":"if","locations":[{"start":{"line":20,"column":12},"end":{"line":20,"column":12}},{"start":{"line":20,"column":12},"end":{"line":20,"column":12}}]}}},"contracts/Mocks/ERC20Mock.sol":{"l":{"13":0},"path":"/Users/mohamedtaha/Desktop/work/marhaba-defi/nft_souq_contracts/diamon-2-hardhat/contracts/Mocks/ERC20Mock.sol","s":{"1":0},"b":{},"f":{"1":0},"fnMap":{"1":{"name":"constructor","line":12,"loc":{"start":{"line":8,"column":4},"end":{"line":14,"column":4}}}},"statementMap":{"1":{"start":{"line":13,"column":8},"end":{"line":13,"column":32}}},"branchMap":{}},"contracts/Mocks/ERC721Mock.sol":{"l":{"16":0,"17":0,"18":0,"19":0,"30":0,"32":0,"40":0},"path":"/Users/mohamedtaha/Desktop/work/marhaba-defi/nft_souq_contracts/diamon-2-hardhat/contracts/Mocks/ERC721Mock.sol","s":{"1":0,"2":0,"3":0,"4":0,"5":0,"6":0,"7":0},"b":{"1":[0,0],"2":[0,0],"3":[0,0]},"f":{"1":0,"2":0,"3":0},"fnMap":{"1":{"name":"constructor","line":15,"loc":{"start":{"line":8,"column":4},"end":{"line":22,"column":4}}},"2":{"name":"safeMint","line":23,"loc":{"start":{"line":23,"column":4},"end":{"line":35,"column":4}}},"3":{"name":"supportsInterface","line":37,"loc":{"start":{"line":37,"column":4},"end":{"line":41,"column":4}}}},"statementMap":{"1":{"start":{"line":16,"column":8},"end":{"line":16,"column":40}},"2":{"start":{"line":17,"column":8},"end":{"line":17,"column":44}},"3":{"start":{"line":18,"column":8},"end":{"line":18,"column":91}},"4":{"start":{"line":19,"column":8},"end":{"line":19,"column":567}},"5":{"start":{"line":30,"column":8},"end":{"line":30,"column":34}},"6":{"start":{"line":32,"column":8},"end":{"line":32,"column":943}},"7":{"start":{"line":40,"column":8},"end":{"line":40,"column":51}}},"branchMap":{"1":{"line":18,"type":"if","locations":[{"start":{"line":18,"column":8},"end":{"line":18,"column":8}},{"start":{"line":18,"column":8},"end":{"line":18,"column":8}}]},"2":{"line":19,"type":"if","locations":[{"start":{"line":19,"column":8},"end":{"line":19,"column":8}},{"start":{"line":19,"column":8},"end":{"line":19,"column":8}}]},"3":{"line":32,"type":"if","locations":[{"start":{"line":32,"column":8},"end":{"line":32,"column":8}},{"start":{"line":32,"column":8},"end":{"line":32,"column":8}}]}}},"contracts/upgradeInitializers/DiamondInit.sol":{"l":{"27":0,"28":0,"29":0,"30":0,"31":0},"path":"/Users/mohamedtaha/Desktop/work/marhaba-defi/nft_souq_contracts/diamon-2-hardhat/contracts/upgradeInitializers/DiamondInit.sol","s":{"1":0,"2":0,"3":0,"4":0,"5":0},"b":{},"f":{"1":0},"fnMap":{"1":{"name":"init","line":25,"loc":{"start":{"line":25,"column":4},"end":{"line":39,"column":4}}}},"statementMap":{"1":{"start":{"line":27,"column":8},"end":{"line":27,"column":74}},"2":{"start":{"line":28,"column":8},"end":{"line":28,"column":63}},"3":{"start":{"line":29,"column":8},"end":{"line":29,"column":67}},"4":{"start":{"line":30,"column":8},"end":{"line":30,"column":69}},"5":{"start":{"line":31,"column":8},"end":{"line":31,"column":63}}},"branchMap":{}}}