TN:
SF:/Users/mohamedtaha/Desktop/work/marhaba-defi/nft_souq_contracts/diamon-2-hardhat/contracts/Diamond.sol
FN:17,constructor
FN:25,
FNF:2
FNH:0
FNDA:0,constructor
FNDA:0,
DA:18,0
DA:20,0
DA:26,0
DA:27,0
DA:29,0
DA:33,0
DA:34,0
DA:36,0
LF:8
LH:0
BRDA:34,1,0,0
BRDA:34,1,1,0
BRF:2
BRH:0
end_of_record
TN:
SF:/Users/mohamedtaha/Desktop/work/marhaba-defi/nft_souq_contracts/diamon-2-hardhat/contracts/ERC1155.sol
FN:41,constructor
FN:49,supportsInterface
FN:66,uri
FN:77,balanceOf
FN:89,balanceOfBatch
FN:110,setApprovalForAll
FN:117,isApprovedForAll
FN:124,safeTransferFrom
FN:141,safeBatchTransferFrom
FN:167,_safeTransferFrom
FN:202,_safeBatchTransferFrom
FN:252,_setURI
FN:267,_mint
FN:294,_mintBatch
FN:324,_burn
FN:351,_burnBatch
FN:382,_setApprovalForAll
FN:412,_beforeTokenTransfer
FN:421,_doSafeTransferAcceptanceCheck
FN:442,_doSafeBatchTransferAcceptanceCheck
FN:465,_asSingletonArray
FNF:21
FNH:0
FNDA:0,constructor
FNDA:0,supportsInterface
FNDA:0,uri
FNDA:0,balanceOf
FNDA:0,balanceOfBatch
FNDA:0,setApprovalForAll
FNDA:0,isApprovedForAll
FNDA:0,safeTransferFrom
FNDA:0,safeBatchTransferFrom
FNDA:0,_safeTransferFrom
FNDA:0,_safeBatchTransferFrom
FNDA:0,_setURI
FNDA:0,_mint
FNDA:0,_mintBatch
FNDA:0,_burn
FNDA:0,_burnBatch
FNDA:0,_setApprovalForAll
FNDA:0,_beforeTokenTransfer
FNDA:0,_doSafeTransferAcceptanceCheck
FNDA:0,_doSafeBatchTransferAcceptanceCheck
FNDA:0,_asSingletonArray
DA:42,0
DA:43,0
DA:50,0
DA:67,0
DA:78,0
DA:79,0
DA:96,0
DA:98,0
DA:100,0
DA:101,0
DA:104,0
DA:111,0
DA:118,0
DA:131,0
DA:135,0
DA:148,0
DA:152,0
DA:174,0
DA:176,0
DA:178,0
DA:180,0
DA:181,0
DA:182,0
DA:183,0
DA:185,0
DA:187,0
DA:189,0
DA:209,0
DA:210,0
DA:212,0
DA:214,0
DA:216,0
DA:217,0
DA:218,0
DA:220,0
DA:221,0
DA:222,0
DA:223,0
DA:225,0
DA:228,0
DA:230,0
DA:253,0
DA:273,0
DA:275,0
DA:277,0
DA:279,0
DA:280,0
DA:282,0
DA:300,0
DA:301,0
DA:303,0
DA:305,0
DA:307,0
DA:308,0
DA:311,0
DA:313,0
DA:329,0
DA:331,0
DA:333,0
DA:335,0
DA:336,0
DA:337,0
DA:338,0
DA:341,0
DA:356,0
DA:357,0
DA:359,0
DA:361,0
DA:363,0
DA:364,0
DA:365,0
DA:367,0
DA:368,0
DA:369,0
DA:370,0
DA:374,0
DA:387,0
DA:388,0
DA:389,0
DA:429,0
DA:430,0
DA:431,0
DA:432,0
DA:435,0
DA:437,0
DA:450,0
DA:451,0
DA:454,0
DA:455,0
DA:458,0
DA:460,0
DA:466,0
DA:467,0
DA:469,0
LF:94
LH:0
BRDA:78,1,0,0
BRDA:78,1,1,0
BRDA:96,2,0,0
BRDA:96,2,1,0
BRDA:131,3,0,0
BRDA:131,3,1,0
BRDA:148,4,0,0
BRDA:148,4,1,0
BRDA:174,5,0,0
BRDA:174,5,1,0
BRDA:181,6,0,0
BRDA:181,6,1,0
BRDA:209,7,0,0
BRDA:209,7,1,0
BRDA:210,8,0,0
BRDA:210,8,1,0
BRDA:221,9,0,0
BRDA:221,9,1,0
BRDA:273,10,0,0
BRDA:273,10,1,0
BRDA:300,11,0,0
BRDA:300,11,1,0
BRDA:301,12,0,0
BRDA:301,12,1,0
BRDA:329,13,0,0
BRDA:329,13,1,0
BRDA:336,14,0,0
BRDA:336,14,1,0
BRDA:356,15,0,0
BRDA:356,15,1,0
BRDA:357,16,0,0
BRDA:357,16,1,0
BRDA:368,17,0,0
BRDA:368,17,1,0
BRDA:387,18,0,0
BRDA:387,18,1,0
BRDA:429,19,0,0
BRDA:429,19,1,0
BRDA:431,20,0,0
BRDA:431,20,1,0
BRDA:450,21,0,0
BRDA:450,21,1,0
BRDA:454,22,0,0
BRDA:454,22,1,0
BRF:44
BRH:0
end_of_record
TN:
SF:/Users/mohamedtaha/Desktop/work/marhaba-defi/nft_souq_contracts/diamon-2-hardhat/contracts/ERC2981.sol
FN:38,supportsInterface
FN:42,royaltyInfo
FN:59,_feeDenominator
FN:71,_setDefaultRoyalty
FN:93,_deleteDefaultRoyalty
FN:105,_setTokenRoyalty
FN:131,_resetTokenRoyalty
FNF:7
FNH:0
FNDA:0,supportsInterface
FNDA:0,royaltyInfo
FNDA:0,_feeDenominator
FNDA:0,_setDefaultRoyalty
FNDA:0,_deleteDefaultRoyalty
FNDA:0,_setTokenRoyalty
FNDA:0,_resetTokenRoyalty
DA:39,0
DA:43,0
DA:44,0
DA:45,0
DA:47,0
DA:48,0
DA:49,0
DA:51,0
DA:60,0
DA:73,0
DA:75,0
DA:77,0
DA:78,0
DA:79,0
DA:80,0
DA:82,0
DA:83,0
DA:84,0
DA:85,0
DA:86,0
DA:87,0
DA:94,0
DA:111,0
DA:113,0
DA:115,0
DA:116,0
DA:117,0
DA:118,0
DA:120,0
DA:121,0
DA:122,0
DA:123,0
DA:124,0
DA:125,0
DA:132,0
LF:35
LH:0
BRDA:44,1,0,0
BRDA:44,1,1,0
BRDA:73,2,0,0
BRDA:73,2,1,0
BRDA:75,3,0,0
BRDA:75,3,1,0
BRDA:77,4,0,0
BRDA:77,4,1,0
BRDA:82,5,0,0
BRDA:82,5,1,0
BRDA:111,6,0,0
BRDA:111,6,1,0
BRDA:113,7,0,0
BRDA:113,7,1,0
BRDA:115,8,0,0
BRDA:115,8,1,0
BRDA:120,9,0,0
BRDA:120,9,1,0
BRF:18
BRH:0
end_of_record
TN:
SF:/Users/mohamedtaha/Desktop/work/marhaba-defi/nft_souq_contracts/diamon-2-hardhat/contracts/ERC4973.sol
FN:16,constructor
FN:24,supportsInterface
FN:31,name
FN:35,symbol
FN:39,tokenURI
FN:44,burn
FN:49,ownerOf
FN:55,_exists
FN:59,_mint
FN:71,_burn
FNF:10
FNH:0
FNDA:0,constructor
FNDA:0,supportsInterface
FNDA:0,name
FNDA:0,symbol
FNDA:0,tokenURI
FNDA:0,burn
FNDA:0,ownerOf
FNDA:0,_exists
FNDA:0,_mint
FNDA:0,_burn
DA:20,0
DA:21,0
DA:25,0
DA:32,0
DA:36,0
DA:40,0
DA:41,0
DA:45,0
DA:46,0
DA:50,0
DA:51,0
DA:52,0
DA:56,0
DA:64,0
DA:65,0
DA:66,0
DA:67,0
DA:68,0
DA:72,0
DA:74,0
DA:75,0
DA:77,0
LF:22
LH:0
BRDA:40,1,0,0
BRDA:40,1,1,0
BRDA:45,2,0,0
BRDA:45,2,1,0
BRDA:51,3,0,0
BRDA:51,3,1,0
BRDA:64,4,0,0
BRDA:64,4,1,0
BRF:8
BRH:0
end_of_record
TN:
SF:/Users/mohamedtaha/Desktop/work/marhaba-defi/nft_souq_contracts/diamon-2-hardhat/contracts/ERC721A.sol
FN:97,constructor
FN:107,_startTokenId
FN:114,_nextTokenId
FN:123,totalSupply
FN:134,_totalMinted
FN:145,_totalBurned
FN:152,supportsInterface
FN:165,balanceOf
FN:173,_numberMinted
FN:180,_numberBurned
FN:187,_getAux
FN:195,_setAux
FN:208,_packedOwnershipOf
FN:237,_unpackedOwnership
FN:246,_ownershipAt
FN:253,_initializeOwnershipAt
FN:263,_ownershipOf
FN:270,ownerOf
FN:277,name
FN:284,symbol
FN:291,tokenURI
FN:303,_baseURI
FN:310,_addressToUint256
FN:319,_boolToUint256
FN:328,approve
FN:344,getApproved
FN:353,setApprovalForAll
FN:363,isApprovedForAll
FN:370,transferFrom
FN:381,safeTransferFrom
FN:392,safeTransferFrom
FN:412,_exists
FN:422,_safeMint
FN:437,_safeMint
FN:501,_mint
FN:551,_transfer
FN:615,_burn
FN:629,_burn
FN:705,_checkContractOnERC721Received
FN:741,_beforeTokenTransfers
FN:764,_afterTokenTransfers
FN:776,_msgSenderERC721A
FN:783,_toString
FNF:43
FNH:0
FNDA:0,constructor
FNDA:0,_startTokenId
FNDA:0,_nextTokenId
FNDA:0,totalSupply
FNDA:0,_totalMinted
FNDA:0,_totalBurned
FNDA:0,supportsInterface
FNDA:0,balanceOf
FNDA:0,_numberMinted
FNDA:0,_numberBurned
FNDA:0,_getAux
FNDA:0,_setAux
FNDA:0,_packedOwnershipOf
FNDA:0,_unpackedOwnership
FNDA:0,_ownershipAt
FNDA:0,_initializeOwnershipAt
FNDA:0,_ownershipOf
FNDA:0,ownerOf
FNDA:0,name
FNDA:0,symbol
FNDA:0,tokenURI
FNDA:0,_baseURI
FNDA:0,_addressToUint256
FNDA:0,_boolToUint256
FNDA:0,approve
FNDA:0,getApproved
FNDA:0,setApprovalForAll
FNDA:0,isApprovedForAll
FNDA:0,transferFrom
FNDA:0,safeTransferFrom
FNDA:0,safeTransferFrom
FNDA:0,_exists
FNDA:0,_safeMint
FNDA:0,_safeMint
FNDA:0,_mint
FNDA:0,_transfer
FNDA:0,_burn
FNDA:0,_burn
FNDA:0,_checkContractOnERC721Received
FNDA:0,_beforeTokenTransfers
FNDA:0,_afterTokenTransfers
FNDA:0,_msgSenderERC721A
FNDA:0,_toString
DA:98,0
DA:99,0
DA:100,0
DA:108,0
DA:115,0
DA:126,0
DA:127,0
DA:137,0
DA:138,0
DA:146,0
DA:156,0
DA:166,0
DA:167,0
DA:174,0
DA:181,0
DA:188,0
DA:196,0
DA:197,0
DA:198,0
DA:201,0
DA:202,0
DA:209,0
DA:211,0
DA:212,0
DA:213,0
DA:214,0
DA:216,0
DA:224,0
DA:225,0
DA:227,0
DA:231,0
DA:238,0
DA:239,0
DA:240,0
DA:247,0
DA:254,0
DA:255,0
DA:264,0
DA:271,0
DA:278,0
DA:285,0
DA:292,0
DA:294,0
DA:295,0
DA:304,0
DA:311,0
DA:320,0
DA:329,0
DA:330,0
DA:332,0
DA:333,0
DA:334,0
DA:337,0
DA:338,0
DA:345,0
DA:347,0
DA:354,0
DA:356,0
DA:357,0
DA:364,0
DA:375,0
DA:386,0
DA:398,0
DA:399,0
DA:400,0
DA:401,0
DA:413,0
DA:423,0
DA:442,0
DA:443,0
DA:444,0
DA:446,0
DA:451,0
DA:457,0
DA:464,0
DA:469,0
DA:470,0
DA:472,0
DA:473,0
DA:480,0
DA:482,0
DA:486,0
DA:488,0
DA:502,0
DA:503,0
DA:504,0
DA:506,0
DA:511,0
DA:517,0
DA:524,0
DA:529,0
DA:530,0
DA:532,0
DA:536,0
DA:538,0
DA:556,0
DA:558,0
DA:560,0
DA:562,0
DA:566,0
DA:567,0
DA:569,0
DA:572,0
DA:573,0
DA:579,0
DA:581,0
DA:582,0
DA:589,0
DA:595,0
DA:596,0
DA:598,0
DA:600,0
DA:602,0
DA:608,0
DA:609,0
DA:616,0
DA:630,0
DA:632,0
DA:633,0
DA:635,0
DA:636,0
DA:640,0
DA:643,0
DA:646,0
DA:647,0
DA:653,0
DA:660,0
DA:667,0
DA:674,0
DA:675,0
DA:677,0
DA:679,0
DA:681,0
DA:687,0
DA:688,0
DA:691,0
DA:692,0
DA:711,0
DA:714,0
DA:716,0
DA:717,0
DA:719,0
DA:777,0
DA:784,0
LF:144
LH:0
BRDA:166,1,0,0
BRDA:166,1,1,0
BRDA:212,2,0,0
BRDA:212,2,1,0
BRDA:213,3,0,0
BRDA:213,3,1,0
BRDA:216,4,0,0
BRDA:216,4,1,0
BRDA:254,5,0,0
BRDA:254,5,1,0
BRDA:292,6,0,0
BRDA:292,6,1,0
BRDA:330,7,0,0
BRDA:330,7,1,0
BRDA:332,8,0,0
BRDA:332,8,1,0
BRDA:333,9,0,0
BRDA:333,9,1,0
BRDA:345,10,0,0
BRDA:345,10,1,0
BRDA:354,11,0,0
BRDA:354,11,1,0
BRDA:399,12,0,0
BRDA:399,12,1,0
BRDA:400,13,0,0
BRDA:400,13,1,0
BRDA:443,14,0,0
BRDA:443,14,1,0
BRDA:444,15,0,0
BRDA:444,15,1,0
BRDA:472,16,0,0
BRDA:472,16,1,0
BRDA:480,17,0,0
BRDA:480,17,1,0
BRDA:503,18,0,0
BRDA:503,18,1,0
BRDA:504,19,0,0
BRDA:504,19,1,0
BRDA:558,20,0,0
BRDA:558,20,1,0
BRDA:566,21,0,0
BRDA:566,21,1,0
BRDA:567,22,0,0
BRDA:567,22,1,0
BRDA:572,23,0,0
BRDA:572,23,1,0
BRDA:595,24,0,0
BRDA:595,24,1,0
BRDA:598,25,0,0
BRDA:598,25,1,0
BRDA:600,26,0,0
BRDA:600,26,1,0
BRDA:635,27,0,0
BRDA:635,27,1,0
BRDA:640,28,0,0
BRDA:640,28,1,0
BRDA:646,29,0,0
BRDA:646,29,1,0
BRDA:674,30,0,0
BRDA:674,30,1,0
BRDA:677,31,0,0
BRDA:677,31,1,0
BRDA:679,32,0,0
BRDA:679,32,1,0
BRDA:716,33,0,0
BRDA:716,33,1,0
BRF:66
BRH:0
end_of_record
TN:
SF:/Users/mohamedtaha/Desktop/work/marhaba-defi/nft_souq_contracts/diamon-2-hardhat/contracts/facets/DiamondCutFacet.sol
FN:22,diamondCut
FNF:1
FNH:0
FNDA:0,diamondCut
DA:27,0
DA:28,0
DA:29,0
DA:30,0
DA:31,0
DA:34,0
DA:37,0
DA:40,0
DA:41,0
DA:49,0
DA:50,0
DA:54,0
DA:56,0
DA:58,0
DA:59,0
LF:15
LH:0
BRDA:34,1,0,0
BRDA:34,1,1,0
BRDA:49,2,0,0
BRDA:49,2,1,0
BRDA:54,3,0,0
BRDA:54,3,1,0
BRF:6
BRH:0
end_of_record
TN:
SF:/Users/mohamedtaha/Desktop/work/marhaba-defi/nft_souq_contracts/diamon-2-hardhat/contracts/facets/DiamondLoupeFacet.sol
FN:26,facets
FN:81,facetFunctionSelectors
FN:111,facetAddresses
FN:151,facetAddress
FN:157,supportsInterface
FNF:5
FNH:0
FNDA:0,facets
FNDA:0,facetFunctionSelectors
FNDA:0,facetAddresses
FNDA:0,facetAddress
FNDA:0,supportsInterface
DA:27,0
DA:28,0
DA:29,0
DA:30,0
DA:31,0
DA:33,0
DA:34,0
DA:35,0
DA:36,0
DA:37,0
DA:38,0
DA:41,0
DA:42,0
DA:43,0
DA:44,0
DA:45,0
DA:46,0
DA:48,0
DA:49,0
DA:50,0
DA:51,0
DA:54,0
DA:55,0
DA:57,0
DA:58,0
DA:59,0
DA:60,0
DA:61,0
DA:64,0
DA:65,0
DA:66,0
DA:68,0
DA:73,0
DA:82,0
DA:83,0
DA:84,0
DA:85,0
DA:87,0
DA:88,0
DA:89,0
DA:90,0
DA:91,0
DA:92,0
DA:95,0
DA:96,0
DA:97,0
DA:98,0
DA:99,0
DA:104,0
DA:112,0
DA:113,0
DA:114,0
DA:115,0
DA:117,0
DA:118,0
DA:119,0
DA:120,0
DA:121,0
DA:122,0
DA:125,0
DA:126,0
DA:127,0
DA:128,0
DA:129,0
DA:130,0
DA:131,0
DA:134,0
DA:135,0
DA:137,0
DA:138,0
DA:142,0
DA:152,0
DA:153,0
DA:158,0
DA:159,0
LF:75
LH:0
BRDA:37,1,0,0
BRDA:37,1,1,0
BRDA:45,2,0,0
BRDA:45,2,1,0
BRDA:48,3,0,0
BRDA:48,3,1,0
BRDA:54,4,0,0
BRDA:54,4,1,0
BRDA:91,5,0,0
BRDA:91,5,1,0
BRDA:97,6,0,0
BRDA:97,6,1,0
BRDA:121,7,0,0
BRDA:121,7,1,0
BRDA:129,8,0,0
BRDA:129,8,1,0
BRDA:134,9,0,0
BRDA:134,9,1,0
BRF:18
BRH:0
end_of_record
TN:
SF:/Users/mohamedtaha/Desktop/work/marhaba-defi/nft_souq_contracts/diamon-2-hardhat/contracts/facets/EIP712/EIP712Facet.sol
FN:66,eip712FacetInit
FN:108,_domainSeparatorV4
FN:119,_buildDomainSeparator
FN:142,_hashTypedDataV4
FN:147,getName
FN:154,getAddress
FNF:6
FNH:0
FNDA:0,eip712FacetInit
FNDA:0,_domainSeparatorV4
FNDA:0,_buildDomainSeparator
FNDA:0,_hashTypedDataV4
FNDA:0,getName
FNDA:0,getAddress
DA:71,0
DA:72,0
DA:78,0
DA:84,0
DA:85,0
DA:86,0
DA:97,0
DA:98,0
DA:99,0
DA:100,0
DA:101,0
DA:102,0
DA:110,0
DA:112,0
DA:113,0
DA:115,0
DA:124,0
DA:143,0
DA:149,0
DA:150,0
DA:156,0
DA:157,0
LF:22
LH:0
BRDA:72,1,0,0
BRDA:72,1,1,0
BRDA:78,2,0,0
BRDA:78,2,1,0
BRDA:112,3,0,0
BRDA:112,3,1,0
BRF:6
BRH:0
end_of_record
TN:
SF:/Users/mohamedtaha/Desktop/work/marhaba-defi/nft_souq_contracts/diamon-2-hardhat/contracts/facets/EIP712/LibEIP712Storage.sol
FN:19,eip712torage
FNF:1
FNH:0
FNDA:0,eip712torage
DA:20,0
DA:21,0
LF:2
LH:0
BRF:0
BRH:0
end_of_record
TN:
SF:/Users/mohamedtaha/Desktop/work/marhaba-defi/nft_souq_contracts/diamon-2-hardhat/contracts/facets/ERC1155/ERC1155Facet.sol
FN:53,uri
FN:66,balanceOf
FN:89,balanceOfBatch
FN:113,setApprovalForAll
FN:127,safeTransferFrom
FN:140,safeBatchTransferFrom
FN:166,_safeTransferFrom
FN:212,_safeBatchTransferFrom
FN:277,_setURI
FN:293,_mint
FN:336,_mintBatch
FN:377,_burn
FN:416,_burnBatch
FN:470,_beforeTokenTransfer
FN:479,_doSafeTransferAcceptanceCheck
FN:508,_doSafeBatchTransferAcceptanceCheck
FN:539,_asSingletonArray
FNF:17
FNH:0
FNDA:0,uri
FNDA:0,balanceOf
FNDA:0,balanceOfBatch
FNDA:0,setApprovalForAll
FNDA:0,safeTransferFrom
FNDA:0,safeBatchTransferFrom
FNDA:0,_safeTransferFrom
FNDA:0,_safeBatchTransferFrom
FNDA:0,_setURI
FNDA:0,_mint
FNDA:0,_mintBatch
FNDA:0,_burn
FNDA:0,_burnBatch
FNDA:0,_beforeTokenTransfer
FNDA:0,_doSafeTransferAcceptanceCheck
FNDA:0,_doSafeBatchTransferAcceptanceCheck
FNDA:0,_asSingletonArray
DA:54,0
DA:56,0
DA:73,0
DA:77,0
DA:79,0
DA:96,0
DA:101,0
DA:103,0
DA:104,0
DA:107,0
DA:119,0
DA:120,0
DA:134,0
DA:147,0
DA:151,0
DA:173,0
DA:175,0
DA:177,0
DA:185,0
DA:187,0
DA:188,0
DA:192,0
DA:193,0
DA:195,0
DA:197,0
DA:199,0
DA:219,0
DA:223,0
DA:225,0
DA:227,0
DA:229,0
DA:231,0
DA:232,0
DA:233,0
DA:235,0
DA:236,0
DA:240,0
DA:241,0
DA:243,0
DA:246,0
DA:248,0
DA:278,0
DA:279,0
DA:299,0
DA:301,0
DA:303,0
DA:312,0
DA:314,0
DA:315,0
DA:317,0
DA:342,0
DA:343,0
DA:348,0
DA:350,0
DA:352,0
DA:353,0
DA:354,0
DA:357,0
DA:359,0
DA:382,0
DA:384,0
DA:386,0
DA:395,0
DA:397,0
DA:398,0
DA:402,0
DA:403,0
DA:406,0
DA:421,0
DA:422,0
DA:427,0
DA:429,0
DA:431,0
DA:433,0
DA:434,0
DA:435,0
DA:437,0
DA:438,0
DA:442,0
DA:443,0
DA:447,0
DA:487,0
DA:488,0
DA:497,0
DA:498,0
DA:501,0
DA:503,0
DA:516,0
DA:517,0
DA:526,0
DA:529,0
DA:532,0
DA:534,0
DA:544,0
DA:545,0
DA:547,0
LF:96
LH:0
BRDA:73,1,0,0
BRDA:73,1,1,0
BRDA:96,2,0,0
BRDA:96,2,1,0
BRDA:147,3,0,0
BRDA:147,3,1,0
BRDA:173,4,0,0
BRDA:173,4,1,0
BRDA:188,5,0,0
BRDA:188,5,1,0
BRDA:219,6,0,0
BRDA:219,6,1,0
BRDA:223,7,0,0
BRDA:223,7,1,0
BRDA:236,8,0,0
BRDA:236,8,1,0
BRDA:299,9,0,0
BRDA:299,9,1,0
BRDA:342,10,0,0
BRDA:342,10,1,0
BRDA:343,11,0,0
BRDA:343,11,1,0
BRDA:382,12,0,0
BRDA:382,12,1,0
BRDA:398,13,0,0
BRDA:398,13,1,0
BRDA:421,14,0,0
BRDA:421,14,1,0
BRDA:422,15,0,0
BRDA:422,15,1,0
BRDA:438,16,0,0
BRDA:438,16,1,0
BRDA:487,17,0,0
BRDA:487,17,1,0
BRDA:497,18,0,0
BRDA:497,18,1,0
BRDA:516,19,0,0
BRDA:516,19,1,0
BRDA:526,20,0,0
BRDA:526,20,1,0
BRF:40
BRH:0
end_of_record
TN:
SF:/Users/mohamedtaha/Desktop/work/marhaba-defi/nft_souq_contracts/diamon-2-hardhat/contracts/facets/ERC1155/LibERC1155Storage.sol
FN:20,erc1155Storage
FNF:1
FNH:0
FNDA:0,erc1155Storage
DA:21,0
DA:22,0
LF:2
LH:0
BRF:0
BRH:0
end_of_record
TN:
SF:/Users/mohamedtaha/Desktop/work/marhaba-defi/nft_souq_contracts/diamon-2-hardhat/contracts/facets/ERC1155Factory/ERC1155FactoryFacet.sol
FN:23,onlyMediaCaller
FN:28,erc1155FactoryFacetInit
FN:47,_setTokenURI1155
FN:73,mint
FN:99,transfer
FN:120,burn
FN:130,_feeDenominator1155
FN:142,_setTokenRoyalty1155
FN:163,royaltyInfo1155
FNF:9
FNH:0
FNDA:0,onlyMediaCaller
FNDA:0,erc1155FactoryFacetInit
FNDA:0,_setTokenURI1155
FNDA:0,mint
FNDA:0,transfer
FNDA:0,burn
FNDA:0,_feeDenominator1155
FNDA:0,_setTokenRoyalty1155
FNDA:0,royaltyInfo1155
DA:24,0
DA:25,0
DA:29,0
DA:30,0
DA:31,0
DA:33,0
DA:35,0
DA:36,0
DA:37,0
DA:48,0
DA:49,0
DA:74,0
DA:75,0
DA:76,0
DA:80,0
DA:81,0
DA:82,0
DA:83,0
DA:84,0
DA:105,0
DA:106,0
DA:107,0
DA:122,0
DA:131,0
DA:147,0
DA:148,0
DA:149,0
DA:150,0
DA:151,0
DA:152,0
DA:154,0
DA:156,0
DA:157,0
DA:158,0
DA:159,0
DA:160,0
DA:164,0
DA:166,0
DA:167,0
DA:168,0
DA:170,0
DA:171,0
DA:173,0
LF:43
LH:0
BRDA:24,1,0,0
BRDA:24,1,1,0
BRDA:31,2,0,0
BRDA:31,2,1,0
BRDA:33,3,0,0
BRDA:33,3,1,0
BRDA:35,4,0,0
BRDA:35,4,1,0
BRDA:74,5,0,0
BRDA:74,5,1,0
BRDA:75,6,0,0
BRDA:75,6,1,0
BRDA:76,7,0,0
BRDA:76,7,1,0
BRDA:105,8,0,0
BRDA:105,8,1,0
BRDA:147,9,0,0
BRDA:147,9,1,0
BRDA:148,10,0,0
BRDA:148,10,1,0
BRDA:149,11,0,0
BRDA:149,11,1,0
BRDA:154,12,0,0
BRDA:154,12,1,0
BRF:24
BRH:0
end_of_record
TN:
SF:/Users/mohamedtaha/Desktop/work/marhaba-defi/nft_souq_contracts/diamon-2-hardhat/contracts/facets/ERC1155Factory/LibERC1155FactoryStorage.sol
FN:28,erc1155FactoryStorage
FNF:1
FNH:0
FNDA:0,erc1155FactoryStorage
DA:29,0
DA:30,0
LF:2
LH:0
BRF:0
BRH:0
end_of_record
TN:
SF:/Users/mohamedtaha/Desktop/work/marhaba-defi/nft_souq_contracts/diamon-2-hardhat/contracts/facets/ERC721/ERC721Facet.sol
FN:38,balanceOf
FN:59,ownerOf
FN:80,name
FN:89,symbol
FN:98,tokenURI
FN:122,_baseURI
FN:129,approve
FN:145,getApproved
FN:165,transferFrom
FN:182,safeTransferFrom
FN:193,safeTransferFrom
FN:224,_safeTransfer
FN:245,_exists
FN:258,_isApprovedOrOwner
FN:286,_safeMint
FN:294,_safeMint
FN:318,_mint
FN:342,_burn
FN:369,_transfer
FN:399,_approve
FN:415,_checkOnERC721Received
FN:461,_beforeTokenTransfer
FNF:22
FNH:0
FNDA:0,balanceOf
FNDA:0,ownerOf
FNDA:0,name
FNDA:0,symbol
FNDA:0,tokenURI
FNDA:0,_baseURI
FNDA:0,approve
FNDA:0,getApproved
FNDA:0,transferFrom
FNDA:0,safeTransferFrom
FNDA:0,safeTransferFrom
FNDA:0,_safeTransfer
FNDA:0,_exists
FNDA:0,_isApprovedOrOwner
FNDA:0,_safeMint
FNDA:0,_safeMint
FNDA:0,_mint
FNDA:0,_burn
FNDA:0,_transfer
FNDA:0,_approve
FNDA:0,_checkOnERC721Received
FNDA:0,_beforeTokenTransfer
DA:45,0
DA:50,0
DA:53,0
DA:66,0
DA:68,0
DA:70,0
DA:74,0
DA:81,0
DA:83,0
DA:90,0
DA:92,0
DA:105,0
DA:110,0
DA:111,0
DA:123,0
DA:130,0
DA:131,0
DA:133,0
DA:138,0
DA:152,0
DA:157,0
DA:159,0
DA:171,0
DA:176,0
DA:187,0
DA:199,0
DA:203,0
DA:230,0
DA:231,0
DA:246,0
DA:248,0
DA:264,0
DA:269,0
DA:271,0
DA:287,0
DA:299,0
DA:300,0
DA:319,0
DA:320,0
DA:322,0
DA:324,0
DA:326,0
DA:327,0
DA:329,0
DA:343,0
DA:345,0
DA:348,0
DA:350,0
DA:352,0
DA:353,0
DA:355,0
DA:374,0
DA:378,0
DA:380,0
DA:383,0
DA:385,0
DA:387,0
DA:388,0
DA:389,0
DA:391,0
DA:400,0
DA:401,0
DA:402,0
DA:421,0
DA:422,0
DA:430,0
DA:432,0
DA:433,0
DA:437,0
DA:443,0
LF:70
LH:0
BRDA:45,1,0,0
BRDA:45,1,1,0
BRDA:70,2,0,0
BRDA:70,2,1,0
BRDA:105,3,0,0
BRDA:105,3,1,0
BRDA:131,4,0,0
BRDA:131,4,1,0
BRDA:133,5,0,0
BRDA:133,5,1,0
BRDA:152,6,0,0
BRDA:152,6,1,0
BRDA:171,7,0,0
BRDA:171,7,1,0
BRDA:199,8,0,0
BRDA:199,8,1,0
BRDA:231,9,0,0
BRDA:231,9,1,0
BRDA:264,10,0,0
BRDA:264,10,1,0
BRDA:300,11,0,0
BRDA:300,11,1,0
BRDA:319,12,0,0
BRDA:319,12,1,0
BRDA:320,13,0,0
BRDA:320,13,1,0
BRDA:374,14,0,0
BRDA:374,14,1,0
BRDA:378,15,0,0
BRDA:378,15,1,0
BRDA:421,16,0,0
BRDA:421,16,1,0
BRDA:432,17,0,0
BRDA:432,17,1,0
BRF:34
BRH:0
end_of_record
TN:
SF:/Users/mohamedtaha/Desktop/work/marhaba-defi/nft_souq_contracts/diamon-2-hardhat/contracts/facets/ERC721/LibERC721Storage.sol
FN:24,erc721Storage
FNF:1
FNH:0
FNDA:0,erc721Storage
DA:25,0
DA:26,0
LF:2
LH:0
BRF:0
BRH:0
end_of_record
TN:
SF:/Users/mohamedtaha/Desktop/work/marhaba-defi/nft_souq_contracts/diamon-2-hardhat/contracts/facets/ERC721Factory/ERC721FactoryFacet.sol
FN:20,onlyMediaCaller
FN:28,erc721FactoryFacetInit
FN:52,_setTokenURI721
FN:60,tokenURI
FN:87,mint
FN:108,burn
FN:120,_tokenExists
FN:129,_feeDenominator721
FN:141,_setTokenRoyalty721
FN:162,royaltyInfo721
FNF:10
FNH:0
FNDA:0,onlyMediaCaller
FNDA:0,erc721FactoryFacetInit
FNDA:0,_setTokenURI721
FNDA:0,tokenURI
FNDA:0,mint
FNDA:0,burn
FNDA:0,_tokenExists
FNDA:0,_feeDenominator721
FNDA:0,_setTokenRoyalty721
FNDA:0,royaltyInfo721
DA:21,0
DA:22,0
DA:32,0
DA:33,0
DA:35,0
DA:37,0
DA:39,0
DA:41,0
DA:42,0
DA:53,0
DA:54,0
DA:55,0
DA:61,0
DA:62,0
DA:64,0
DA:65,0
DA:88,0
DA:89,0
DA:90,0
DA:91,0
DA:93,0
DA:95,0
DA:96,0
DA:97,0
DA:98,0
DA:109,0
DA:110,0
DA:111,0
DA:121,0
DA:130,0
DA:146,0
DA:147,0
DA:148,0
DA:149,0
DA:150,0
DA:151,0
DA:153,0
DA:155,0
DA:156,0
DA:157,0
DA:158,0
DA:159,0
DA:163,0
DA:165,0
DA:166,0
DA:167,0
DA:169,0
DA:170,0
DA:172,0
LF:49
LH:0
BRDA:21,1,0,0
BRDA:21,1,1,0
BRDA:35,2,0,0
BRDA:35,2,1,0
BRDA:37,3,0,0
BRDA:37,3,1,0
BRDA:39,4,0,0
BRDA:39,4,1,0
BRDA:53,5,0,0
BRDA:53,5,1,0
BRDA:61,6,0,0
BRDA:61,6,1,0
BRDA:88,7,0,0
BRDA:88,7,1,0
BRDA:89,8,0,0
BRDA:89,8,1,0
BRDA:90,9,0,0
BRDA:90,9,1,0
BRDA:146,10,0,0
BRDA:146,10,1,0
BRDA:147,11,0,0
BRDA:147,11,1,0
BRDA:148,12,0,0
BRDA:148,12,1,0
BRDA:153,13,0,0
BRDA:153,13,1,0
BRF:26
BRH:0
end_of_record
TN:
SF:/Users/mohamedtaha/Desktop/work/marhaba-defi/nft_souq_contracts/diamon-2-hardhat/contracts/facets/ERC721Factory/LibERC721FactoryStorage.sol
FN:24,erc721FactoryStorage
FNF:1
FNH:0
FNDA:0,erc721FactoryStorage
DA:25,0
DA:26,0
LF:2
LH:0
BRF:0
BRH:0
end_of_record
TN:
SF:/Users/mohamedtaha/Desktop/work/marhaba-defi/nft_souq_contracts/diamon-2-hardhat/contracts/facets/Market/LibMarketStorage.sol
FN:33,marketStorage
FNF:1
FNH:0
FNDA:0,marketStorage
DA:34,0
DA:35,0
LF:2
LH:0
BRF:0
BRH:0
end_of_record
TN:
SF:/Users/mohamedtaha/Desktop/work/marhaba-defi/nft_souq_contracts/diamon-2-hardhat/contracts/facets/Market/MarketFacet.sol
FN:50,onlyMediaCaller
FN:55,mediaOrOwner
FN:67,marketFacetInit
FN:79,setAdminAddress
FN:86,getAdminAddress
FN:95,setApprovedCrypto
FN:102,getApprovedCrypto
FN:111,setCommissionPercentage
FN:121,getCommissionPercentage
FN:131,setCollaborators
FN:147,getCollaborators
FN:158,hashOffer
FN:175,_verifyBidderOffer
FN:189,_verifySellerOffer
FN:203,adminFeeDeduction
FN:217,royaltyFeeDeduction
FN:252,cryptoDistributor
FN:291,acceptBid
FNF:18
FNH:0
FNDA:0,onlyMediaCaller
FNDA:0,mediaOrOwner
FNDA:0,marketFacetInit
FNDA:0,setAdminAddress
FNDA:0,getAdminAddress
FNDA:0,setApprovedCrypto
FNDA:0,getApprovedCrypto
FNDA:0,setCommissionPercentage
FNDA:0,getCommissionPercentage
FNDA:0,setCollaborators
FNDA:0,getCollaborators
FNDA:0,hashOffer
FNDA:0,_verifyBidderOffer
FNDA:0,_verifySellerOffer
FNDA:0,adminFeeDeduction
FNDA:0,royaltyFeeDeduction
FNDA:0,cryptoDistributor
FNDA:0,acceptBid
DA:51,0
DA:52,0
DA:57,0
DA:58,0
DA:59,0
DA:71,0
DA:72,0
DA:73,0
DA:80,0
DA:81,0
DA:83,0
DA:88,0
DA:89,0
DA:96,0
DA:97,0
DA:99,0
DA:105,0
DA:106,0
DA:112,0
DA:113,0
DA:115,0
DA:117,0
DA:122,0
DA:123,0
DA:133,0
DA:134,0
DA:137,0
DA:138,0
DA:139,0
DA:141,0
DA:149,0
DA:150,0
DA:153,0
DA:154,0
DA:155,0
DA:166,0
DA:185,0
DA:186,0
DA:199,0
DA:200,0
DA:209,0
DA:211,0
DA:212,0
DA:213,0
DA:214,0
DA:226,0
DA:228,0
DA:229,0
DA:231,0
DA:232,0
DA:233,0
DA:234,0
DA:238,0
DA:239,0
DA:241,0
DA:242,0
DA:243,0
DA:244,0
DA:248,0
DA:261,0
DA:262,0
DA:264,0
DA:265,0
DA:267,0
DA:269,0
DA:270,0
DA:271,0
DA:272,0
DA:273,0
DA:276,0
DA:277,0
DA:293,0
DA:295,0
DA:298,0
DA:301,0
DA:303,0
DA:304,0
DA:306,0
DA:308,0
DA:311,0
DA:312,0
DA:314,0
DA:315,0
DA:316,0
DA:318,0
DA:319,0
DA:320,0
DA:323,0
DA:324,0
DA:325,0
DA:326,0
DA:328,0
DA:329,0
DA:330,0
DA:331,0
DA:335,0
LF:96
LH:0
BRDA:51,1,0,0
BRDA:51,1,1,0
BRDA:58,2,0,0
BRDA:58,2,1,0
BRDA:228,3,0,0
BRDA:228,3,1,0
BRDA:238,4,0,0
BRDA:238,4,1,0
BRDA:262,5,0,0
BRDA:262,5,1,0
BRDA:295,6,0,0
BRDA:295,6,1,0
BRDA:298,7,0,0
BRDA:298,7,1,0
BRDA:301,8,0,0
BRDA:301,8,1,0
BRDA:304,9,0,0
BRDA:304,9,1,0
BRDA:311,10,0,0
BRDA:311,10,1,0
BRDA:314,11,0,0
BRDA:314,11,1,0
BRDA:318,12,0,0
BRDA:318,12,1,0
BRDA:323,13,0,0
BRDA:323,13,1,0
BRDA:328,14,0,0
BRDA:328,14,1,0
BRF:28
BRH:0
end_of_record
TN:
SF:/Users/mohamedtaha/Desktop/work/marhaba-defi/nft_souq_contracts/diamon-2-hardhat/contracts/facets/Media/LibMediaStorage.sol
FN:35,mediaStorage
FNF:1
FNH:0
FNDA:0,mediaStorage
DA:36,0
DA:37,0
LF:2
LH:0
BRF:0
BRH:0
end_of_record
TN:
SF:/Users/mohamedtaha/Desktop/work/marhaba-defi/nft_souq_contracts/diamon-2-hardhat/contracts/facets/Media/MediaFacet.sol
FN:22,mediaFacetInit
FN:52,mintTokenMedia
FN:99,setCollaboratorsMedia
FN:135,getCollaboratorsMedia
FN:150,setApprovedCryptoMedia
FN:167,getApprovedCryptoMedia
FN:178,approveMarketForAllMedia
FN:187,getAdminCommissionPercentageMedia
FN:197,setCommissionPercentageMedia
FN:224,istokenIdExistMedia
FN:241,burnTokenMedia
FN:258,acceptBidMedia
FNF:12
FNH:0
FNDA:0,mediaFacetInit
FNDA:0,mintTokenMedia
FNDA:0,setCollaboratorsMedia
FNDA:0,getCollaboratorsMedia
FNDA:0,setApprovedCryptoMedia
FNDA:0,getApprovedCryptoMedia
FNDA:0,approveMarketForAllMedia
FNDA:0,getAdminCommissionPercentageMedia
FNDA:0,setCommissionPercentageMedia
FNDA:0,istokenIdExistMedia
FNDA:0,burnTokenMedia
FNDA:0,acceptBidMedia
DA:25,0
DA:26,0
DA:28,0
DA:33,0
DA:35,0
DA:37,0
DA:38,0
DA:63,0
DA:65,0
DA:69,0
DA:70,0
DA:80,0
DA:89,0
DA:107,0
DA:109,0
DA:110,0
DA:111,0
DA:113,0
DA:114,0
DA:115,0
DA:122,0
DA:123,0
DA:140,0
DA:141,0
DA:156,0
DA:157,0
DA:158,0
DA:170,0
DA:171,0
DA:180,0
DA:181,0
DA:188,0
DA:189,0
DA:201,0
DA:202,0
DA:206,0
DA:210,0
DA:215,0
DA:218,0
DA:229,0
DA:230,0
DA:231,0
DA:247,0
DA:248,0
DA:249,0
DA:252,0
DA:253,0
DA:271,0
DA:272,0
LF:49
LH:0
BRDA:28,1,0,0
BRDA:28,1,1,0
BRDA:33,2,0,0
BRDA:33,2,1,0
BRDA:35,3,0,0
BRDA:35,3,1,0
BRDA:69,4,0,0
BRDA:69,4,1,0
BRDA:109,5,0,0
BRDA:109,5,1,0
BRDA:110,6,0,0
BRDA:110,6,1,0
BRDA:111,7,0,0
BRDA:111,7,1,0
BRDA:113,8,0,0
BRDA:113,8,1,0
BRDA:114,9,0,0
BRDA:114,9,1,0
BRDA:122,10,0,0
BRDA:122,10,1,0
BRDA:157,11,0,0
BRDA:157,11,1,0
BRDA:202,12,0,0
BRDA:202,12,1,0
BRDA:206,13,0,0
BRDA:206,13,1,0
BRDA:210,14,0,0
BRDA:210,14,1,0
BRDA:230,15,0,0
BRDA:230,15,1,0
BRDA:248,16,0,0
BRDA:248,16,1,0
BRDA:252,17,0,0
BRDA:252,17,1,0
BRF:34
BRH:0
end_of_record
TN:
SF:/Users/mohamedtaha/Desktop/work/marhaba-defi/nft_souq_contracts/diamon-2-hardhat/contracts/facets/OwnershipFacet.sol
FN:8,transferOwnership
FN:13,owner
FNF:2
FNH:0
FNDA:0,transferOwnership
FNDA:0,owner
DA:9,0
DA:10,0
DA:14,0
LF:3
LH:0
BRF:0
BRH:0
end_of_record
TN:
SF:/Users/mohamedtaha/Desktop/work/marhaba-defi/nft_souq_contracts/diamon-2-hardhat/contracts/facets/Test1Facet.sol
FN:7,test1Func1
FN:9,test1Func2
FN:11,test1Func3
FN:13,test1Func4
FN:15,test1Func5
FN:17,test1Func6
FN:19,test1Func7
FN:21,test1Func8
FN:23,test1Func9
FN:25,test1Func10
FN:27,test1Func11
FN:29,test1Func12
FN:31,test1Func13
FN:33,test1Func14
FN:35,test1Func15
FN:37,test1Func16
FN:39,test1Func17
FN:41,test1Func18
FN:43,test1Func19
FN:45,test1Func20
FN:47,supportsInterface
FNF:21
FNH:0
FNDA:0,test1Func1
FNDA:0,test1Func2
FNDA:0,test1Func3
FNDA:0,test1Func4
FNDA:0,test1Func5
FNDA:0,test1Func6
FNDA:0,test1Func7
FNDA:0,test1Func8
FNDA:0,test1Func9
FNDA:0,test1Func10
FNDA:0,test1Func11
FNDA:0,test1Func12
FNDA:0,test1Func13
FNDA:0,test1Func14
FNDA:0,test1Func15
FNDA:0,test1Func16
FNDA:0,test1Func17
FNDA:0,test1Func18
FNDA:0,test1Func19
FNDA:0,test1Func20
FNDA:0,supportsInterface
LF:0
LH:0
BRF:0
BRH:0
end_of_record
TN:
SF:/Users/mohamedtaha/Desktop/work/marhaba-defi/nft_souq_contracts/diamon-2-hardhat/contracts/facets/Test2Facet.sol
FN:5,test2Func1
FN:7,test2Func2
FN:9,test2Func3
FN:11,test2Func4
FN:13,test2Func5
FN:15,test2Func6
FN:17,test2Func7
FN:19,test2Func8
FN:21,test2Func9
FN:23,test2Func10
FN:25,test2Func11
FN:27,test2Func12
FN:29,test2Func13
FN:31,test2Func14
FN:33,test2Func15
FN:35,test2Func16
FN:37,test2Func17
FN:39,test2Func18
FN:41,test2Func19
FN:43,test2Func20
FNF:20
FNH:0
FNDA:0,test2Func1
FNDA:0,test2Func2
FNDA:0,test2Func3
FNDA:0,test2Func4
FNDA:0,test2Func5
FNDA:0,test2Func6
FNDA:0,test2Func7
FNDA:0,test2Func8
FNDA:0,test2Func9
FNDA:0,test2Func10
FNDA:0,test2Func11
FNDA:0,test2Func12
FNDA:0,test2Func13
FNDA:0,test2Func14
FNDA:0,test2Func15
FNDA:0,test2Func16
FNDA:0,test2Func17
FNDA:0,test2Func18
FNDA:0,test2Func19
FNDA:0,test2Func20
LF:0
LH:0
BRF:0
BRH:0
end_of_record
TN:
SF:/Users/mohamedtaha/Desktop/work/marhaba-defi/nft_souq_contracts/diamon-2-hardhat/contracts/factoryContracts/ERC1155Factory.sol
FN:38,constructor
FN:47,setWhitelistEnabled
FN:53,setWhitelist
FN:65,removeWhitelist
FN:79,_setTokenURI
FN:83,uri
FN:99,mint
FN:135,burn
FN:155,transfer
FN:166,supportsInterface
FNF:10
FNH:0
FNDA:0,constructor
FNDA:0,setWhitelistEnabled
FNDA:0,setWhitelist
FNDA:0,removeWhitelist
FNDA:0,_setTokenURI
FNDA:0,uri
FNDA:0,mint
FNDA:0,burn
FNDA:0,transfer
FNDA:0,supportsInterface
DA:39,0
DA:40,0
DA:41,0
DA:42,0
DA:43,0
DA:48,0
DA:50,0
DA:55,0
DA:57,0
DA:58,0
DA:59,0
DA:60,0
DA:61,0
DA:67,0
DA:69,0
DA:70,0
DA:71,0
DA:72,0
DA:80,0
DA:84,0
DA:107,0
DA:108,0
DA:110,0
DA:111,0
DA:113,0
DA:114,0
DA:115,0
DA:117,0
DA:118,0
DA:121,0
DA:122,0
DA:139,0
DA:140,0
DA:141,0
DA:161,0
DA:162,0
DA:163,0
DA:173,0
LF:38
LH:0
BRDA:41,1,0,0
BRDA:41,1,1,0
BRDA:42,2,0,0
BRDA:42,2,1,0
BRDA:55,3,0,0
BRDA:55,3,1,0
BRDA:57,4,0,0
BRDA:57,4,1,0
BRDA:59,5,0,0
BRDA:59,5,1,0
BRDA:67,6,0,0
BRDA:67,6,1,0
BRDA:69,7,0,0
BRDA:69,7,1,0
BRDA:107,8,0,0
BRDA:107,8,1,0
BRDA:108,9,0,0
BRDA:108,9,1,0
BRDA:110,10,0,0
BRDA:110,10,1,0
BRDA:111,11,0,0
BRDA:111,11,1,0
BRDA:117,12,0,0
BRDA:117,12,1,0
BRDA:139,13,0,0
BRDA:139,13,1,0
BRDA:140,14,0,0
BRDA:140,14,1,0
BRDA:161,15,0,0
BRDA:161,15,1,0
BRF:30
BRH:0
end_of_record
TN:
SF:/Users/mohamedtaha/Desktop/work/marhaba-defi/nft_souq_contracts/diamon-2-hardhat/contracts/factoryContracts/ERC721AFactory.sol
FN:41,constructor
FN:52,mint
FN:65,setWhitelistEnabled
FN:74,setWhitelist
FN:89,removeWhitelist
FN:102,_baseURI
FN:110,setBaseURI
FN:116,setUriSuffix
FN:120,tokenURI
FNF:9
FNH:0
FNDA:0,constructor
FNDA:0,mint
FNDA:0,setWhitelistEnabled
FNDA:0,setWhitelist
FNDA:0,removeWhitelist
FNDA:0,_baseURI
FNDA:0,setBaseURI
FNDA:0,setUriSuffix
FNDA:0,tokenURI
DA:43,0
DA:44,0
DA:45,0
DA:56,0
DA:57,0
DA:59,0
DA:60,0
DA:62,0
DA:66,0
DA:68,0
DA:76,0
DA:78,0
DA:79,0
DA:80,0
DA:81,0
DA:82,0
DA:91,0
DA:93,0
DA:94,0
DA:95,0
DA:96,0
DA:103,0
DA:111,0
DA:113,0
DA:117,0
DA:121,0
DA:126,0
DA:127,0
LF:28
LH:0
BRDA:45,1,0,0
BRDA:45,1,1,0
BRDA:56,2,0,0
BRDA:56,2,1,0
BRDA:57,3,0,0
BRDA:57,3,1,0
BRDA:59,4,0,0
BRDA:59,4,1,0
BRDA:60,5,0,0
BRDA:60,5,1,0
BRDA:76,6,0,0
BRDA:76,6,1,0
BRDA:78,7,0,0
BRDA:78,7,1,0
BRDA:80,8,0,0
BRDA:80,8,1,0
BRDA:91,9,0,0
BRDA:91,9,1,0
BRDA:93,10,0,0
BRDA:93,10,1,0
BRDA:121,11,0,0
BRDA:121,11,1,0
BRF:22
BRH:0
end_of_record
TN:
SF:/Users/mohamedtaha/Desktop/work/marhaba-defi/nft_souq_contracts/diamon-2-hardhat/contracts/factoryContracts/ERC721Factory.sol
FN:52,constructor
FN:61,setWhitelistEnabled
FN:70,setWhitelist
FN:85,removeWhitelist
FN:104,safeMint
FN:127,_beforeTokenTransfer
FN:142,_burn
FN:147,setUriSuffix
FN:151,tokenURI
FN:163,supportsInterface
FNF:10
FNH:0
FNDA:0,constructor
FNDA:0,setWhitelistEnabled
FNDA:0,setWhitelist
FNDA:0,removeWhitelist
FNDA:0,safeMint
FNDA:0,_beforeTokenTransfer
FNDA:0,_burn
FNDA:0,setUriSuffix
FNDA:0,tokenURI
FNDA:0,supportsInterface
DA:53,0
DA:54,0
DA:55,0
DA:56,0
DA:57,0
DA:62,0
DA:64,0
DA:72,0
DA:74,0
DA:75,0
DA:76,0
DA:77,0
DA:78,0
DA:87,0
DA:89,0
DA:90,0
DA:91,0
DA:92,0
DA:110,0
DA:111,0
DA:113,0
DA:114,0
DA:116,0
DA:117,0
DA:118,0
DA:120,0
DA:121,0
DA:124,0
DA:132,0
DA:143,0
DA:144,0
DA:148,0
DA:152,0
DA:157,0
DA:158,0
DA:166,0
LF:36
LH:0
BRDA:55,1,0,0
BRDA:55,1,1,0
BRDA:56,2,0,0
BRDA:56,2,1,0
BRDA:72,3,0,0
BRDA:72,3,1,0
BRDA:74,4,0,0
BRDA:74,4,1,0
BRDA:76,5,0,0
BRDA:76,5,1,0
BRDA:87,6,0,0
BRDA:87,6,1,0
BRDA:89,7,0,0
BRDA:89,7,1,0
BRDA:110,8,0,0
BRDA:110,8,1,0
BRDA:111,9,0,0
BRDA:111,9,1,0
BRDA:113,10,0,0
BRDA:113,10,1,0
BRDA:114,11,0,0
BRDA:114,11,1,0
BRDA:120,12,0,0
BRDA:120,12,1,0
BRDA:152,13,0,0
BRDA:152,13,1,0
BRF:26
BRH:0
end_of_record
TN:
SF:/Users/mohamedtaha/Desktop/work/marhaba-defi/nft_souq_contracts/diamon-2-hardhat/contracts/factoryContracts/ERC721RFactory.sol
FN:66,constructor
FN:78,preSaleMint
FN:96,publicSaleMint
FN:111,ownerMint
FN:123,refund
FN:140,getRefundGuaranteeEndTime
FN:144,isRefundGuaranteeActive
FN:148,withdraw
FN:154,_baseURI
FN:158,setRefundAddress
FN:163,setBaseURI
FN:169,setUriSuffix
FN:173,tokenURI
FN:185,toggleRefundCountdown
FN:191,togglePresaleStatus
FN:197,togglePublicSaleStatus
FN:203,setWhitelistEnabled
FN:212,setWhitelist
FN:227,removeWhitelist
FNF:19
FNH:0
FNDA:0,constructor
FNDA:0,preSaleMint
FNDA:0,publicSaleMint
FNDA:0,ownerMint
FNDA:0,refund
FNDA:0,getRefundGuaranteeEndTime
FNDA:0,isRefundGuaranteeActive
FNDA:0,withdraw
FNDA:0,_baseURI
FNDA:0,setRefundAddress
FNDA:0,setBaseURI
FNDA:0,setUriSuffix
FNDA:0,tokenURI
FNDA:0,toggleRefundCountdown
FNDA:0,togglePresaleStatus
FNDA:0,togglePublicSaleStatus
FNDA:0,setWhitelistEnabled
FNDA:0,setWhitelist
FNDA:0,removeWhitelist
DA:67,0
DA:68,0
DA:69,0
DA:70,0
DA:71,0
DA:72,0
DA:73,0
DA:74,0
DA:75,0
DA:82,0
DA:83,0
DA:84,0
DA:85,0
DA:87,0
DA:91,0
DA:93,0
DA:97,0
DA:98,0
DA:99,0
DA:103,0
DA:108,0
DA:112,0
DA:116,0
DA:124,0
DA:126,0
DA:127,0
DA:128,0
DA:129,0
DA:130,0
DA:131,0
DA:132,0
DA:135,0
DA:136,0
DA:137,0
DA:141,0
DA:145,0
DA:149,0
DA:150,0
DA:151,0
DA:155,0
DA:159,0
DA:164,0
DA:166,0
DA:170,0
DA:174,0
DA:179,0
DA:180,0
DA:186,0
DA:188,0
DA:192,0
DA:194,0
DA:198,0
DA:200,0
DA:204,0
DA:206,0
DA:214,0
DA:216,0
DA:217,0
DA:218,0
DA:219,0
DA:220,0
DA:229,0
DA:231,0
DA:232,0
DA:233,0
DA:234,0
LF:66
LH:0
BRDA:69,1,0,0
BRDA:69,1,1,0
BRDA:82,2,0,0
BRDA:82,2,1,0
BRDA:83,3,0,0
BRDA:83,3,1,0
BRDA:84,4,0,0
BRDA:84,4,1,0
BRDA:85,5,0,0
BRDA:85,5,1,0
BRDA:87,6,0,0
BRDA:87,6,1,0
BRDA:91,7,0,0
BRDA:91,7,1,0
BRDA:97,8,0,0
BRDA:97,8,1,0
BRDA:98,9,0,0
BRDA:98,9,1,0
BRDA:99,10,0,0
BRDA:99,10,1,0
BRDA:103,11,0,0
BRDA:103,11,1,0
BRDA:112,12,0,0
BRDA:112,12,1,0
BRDA:124,13,0,0
BRDA:124,13,1,0
BRDA:128,14,0,0
BRDA:128,14,1,0
BRDA:129,15,0,0
BRDA:129,15,1,0
BRDA:130,16,0,0
BRDA:130,16,1,0
BRDA:137,17,0,0
BRDA:137,17,1,0
BRDA:149,18,0,0
BRDA:149,18,1,0
BRDA:151,19,0,0
BRDA:151,19,1,0
BRDA:174,20,0,0
BRDA:174,20,1,0
BRDA:214,21,0,0
BRDA:214,21,1,0
BRDA:216,22,0,0
BRDA:216,22,1,0
BRDA:218,23,0,0
BRDA:218,23,1,0
BRDA:229,24,0,0
BRDA:229,24,1,0
BRDA:231,25,0,0
BRDA:231,25,1,0
BRF:50
BRH:0
end_of_record
TN:
SF:/Users/mohamedtaha/Desktop/work/marhaba-defi/nft_souq_contracts/diamon-2-hardhat/contracts/factoryContracts/SBTFactory.sol
FN:16,constructor
FN:26,onlyCreator
FN:31,burnToken
FN:35,issue
FNF:4
FNH:0
FNDA:0,constructor
FNDA:0,onlyCreator
FNDA:0,burnToken
FNDA:0,issue
DA:18,0
DA:27,0
DA:28,0
DA:32,0
DA:36,0
DA:37,0
DA:38,0
DA:39,0
LF:8
LH:0
BRDA:27,1,0,0
BRDA:27,1,1,0
BRF:2
BRH:0
end_of_record
TN:
SF:/Users/mohamedtaha/Desktop/work/marhaba-defi/nft_souq_contracts/diamon-2-hardhat/contracts/interfaces/IDiamondCut.sol
FNF:0
FNH:0
LF:0
LH:0
BRF:0
BRH:0
end_of_record
TN:
SF:/Users/mohamedtaha/Desktop/work/marhaba-defi/nft_souq_contracts/diamon-2-hardhat/contracts/interfaces/IDiamondLoupe.sol
FNF:0
FNH:0
LF:0
LH:0
BRF:0
BRH:0
end_of_record
TN:
SF:/Users/mohamedtaha/Desktop/work/marhaba-defi/nft_souq_contracts/diamon-2-hardhat/contracts/interfaces/IERC165.sol
FNF:0
FNH:0
LF:0
LH:0
BRF:0
BRH:0
end_of_record
TN:
SF:/Users/mohamedtaha/Desktop/work/marhaba-defi/nft_souq_contracts/diamon-2-hardhat/contracts/interfaces/IERC173.sol
FNF:0
FNH:0
LF:0
LH:0
BRF:0
BRH:0
end_of_record
TN:
SF:/Users/mohamedtaha/Desktop/work/marhaba-defi/nft_souq_contracts/diamon-2-hardhat/contracts/interfaces/IERC4973.sol
FNF:0
FNH:0
LF:0
LH:0
BRF:0
BRH:0
end_of_record
TN:
SF:/Users/mohamedtaha/Desktop/work/marhaba-defi/nft_souq_contracts/diamon-2-hardhat/contracts/interfaces/IERC721A.sol
FNF:0
FNH:0
LF:0
LH:0
BRF:0
BRH:0
end_of_record
TN:
SF:/Users/mohamedtaha/Desktop/work/marhaba-defi/nft_souq_contracts/diamon-2-hardhat/contracts/interfaces/IERC721Metadata.sol
FNF:0
FNH:0
LF:0
LH:0
BRF:0
BRH:0
end_of_record
TN:
SF:/Users/mohamedtaha/Desktop/work/marhaba-defi/nft_souq_contracts/diamon-2-hardhat/contracts/libraries/LibAppStorage.sol
FNF:0
FNH:0
LF:0
LH:0
BRF:0
BRH:0
end_of_record
TN:
SF:/Users/mohamedtaha/Desktop/work/marhaba-defi/nft_souq_contracts/diamon-2-hardhat/contracts/libraries/LibDiamond.sol
FN:29,diamondStorage
FN:38,setContractOwner
FN:45,contractOwner
FN:49,enforceIsContractOwner
FN:58,addDiamondFunctions
FN:91,diamondCut
FN:130,addReplaceRemoveFacetSelectors
FN:237,initializeDiamondCut
FN:257,enforceHasContractCode
FNF:9
FNH:0
FNDA:0,diamondStorage
FNDA:0,setContractOwner
FNDA:0,contractOwner
FNDA:0,enforceIsContractOwner
FNDA:0,addDiamondFunctions
FNDA:0,diamondCut
FNDA:0,addReplaceRemoveFacetSelectors
FNDA:0,initializeDiamondCut
FNDA:0,enforceHasContractCode
DA:30,0
DA:31,0
DA:39,0
DA:40,0
DA:41,0
DA:42,0
DA:46,0
DA:50,0
DA:63,0
DA:64,0
DA:65,0
DA:66,0
DA:67,0
DA:68,0
DA:69,0
DA:70,0
DA:71,0
DA:72,0
DA:73,0
DA:78,0
DA:79,0
DA:80,0
DA:81,0
DA:82,0
DA:96,0
DA:97,0
DA:98,0
DA:99,0
DA:102,0
DA:105,0
DA:108,0
DA:109,0
DA:117,0
DA:118,0
DA:122,0
DA:124,0
DA:126,0
DA:127,0
DA:137,0
DA:138,0
DA:139,0
DA:140,0
DA:141,0
DA:142,0
DA:143,0
DA:144,0
DA:146,0
DA:148,0
DA:150,0
DA:152,0
DA:154,0
DA:155,0
DA:157,0
DA:160,0
DA:161,0
DA:162,0
DA:163,0
DA:164,0
DA:166,0
DA:167,0
DA:168,0
DA:170,0
DA:173,0
DA:175,0
DA:177,0
DA:178,0
DA:179,0
DA:181,0
DA:182,0
DA:183,0
DA:185,0
DA:187,0
DA:188,0
DA:189,0
DA:191,0
DA:192,0
DA:193,0
DA:194,0
DA:196,0
DA:199,0
DA:200,0
DA:202,0
DA:204,0
DA:205,0
DA:207,0
DA:209,0
DA:211,0
DA:212,0
DA:214,0
DA:218,0
DA:221,0
DA:225,0
DA:226,0
DA:227,0
DA:230,0
DA:232,0
DA:234,0
DA:238,0
DA:239,0
DA:241,0
DA:242,0
DA:243,0
DA:245,0
DA:246,0
DA:247,0
DA:249,0
DA:251,0
DA:258,0
DA:259,0
DA:262,0
LF:110
LH:0
BRDA:50,1,0,0
BRDA:50,1,1,0
BRDA:102,2,0,0
BRDA:102,2,1,0
BRDA:117,3,0,0
BRDA:117,3,1,0
BRDA:122,4,0,0
BRDA:122,4,1,0
BRDA:138,5,0,0
BRDA:138,5,1,0
BRDA:139,6,0,0
BRDA:139,6,1,0
BRDA:144,7,0,0
BRDA:144,7,1,0
BRDA:152,8,0,0
BRDA:152,8,1,0
BRDA:159,9,0,0
BRDA:159,9,1,0
BRDA:166,10,0,0
BRDA:166,10,1,0
BRDA:167,11,0,0
BRDA:167,11,1,0
BRDA:168,12,0,0
BRDA:168,12,1,0
BRDA:172,13,0,0
BRDA:172,13,1,0
BRDA:173,14,0,0
BRDA:173,14,1,0
BRDA:179,15,0,0
BRDA:179,15,1,0
BRDA:194,16,0,0
BRDA:194,16,1,0
BRDA:196,17,0,0
BRDA:196,17,1,0
BRDA:200,18,0,0
BRDA:200,18,1,0
BRDA:211,19,0,0
BRDA:211,19,1,0
BRDA:225,20,0,0
BRDA:225,20,1,0
BRDA:238,21,0,0
BRDA:238,21,1,0
BRDA:239,22,0,0
BRDA:239,22,1,0
BRDA:241,23,0,0
BRDA:241,23,1,0
BRDA:242,24,0,0
BRDA:242,24,1,0
BRDA:246,25,0,0
BRDA:246,25,1,0
BRDA:247,26,0,0
BRDA:247,26,1,0
BRDA:262,27,0,0
BRDA:262,27,1,0
BRF:54
BRH:0
end_of_record
TN:
SF:/Users/mohamedtaha/Desktop/work/marhaba-defi/nft_souq_contracts/diamon-2-hardhat/contracts/libraries/LibURI.sol
FN:7,checkPrefix
FNF:1
FNH:0
FNDA:0,checkPrefix
DA:12,0
DA:13,0
DA:15,0
DA:16,0
DA:19,0
DA:20,0
DA:21,0
DA:25,0
LF:8
LH:0
BRDA:15,1,0,0
BRDA:15,1,1,0
BRDA:20,2,0,0
BRDA:20,2,1,0
BRF:4
BRH:0
end_of_record
TN:
SF:/Users/mohamedtaha/Desktop/work/marhaba-defi/nft_souq_contracts/diamon-2-hardhat/contracts/Mocks/ERC20Mock.sol
FN:12,constructor
FNF:1
FNH:0
FNDA:0,constructor
DA:13,0
LF:1
LH:0
BRF:0
BRH:0
end_of_record
TN:
SF:/Users/mohamedtaha/Desktop/work/marhaba-defi/nft_souq_contracts/diamon-2-hardhat/contracts/Mocks/ERC721Mock.sol
FN:15,constructor
FN:23,safeMint
FN:37,supportsInterface
FNF:3
FNH:0
FNDA:0,constructor
FNDA:0,safeMint
FNDA:0,supportsInterface
DA:16,0
DA:17,0
DA:18,0
DA:19,0
DA:30,0
DA:32,0
DA:40,0
LF:7
LH:0
BRDA:18,1,0,0
BRDA:18,1,1,0
BRDA:19,2,0,0
BRDA:19,2,1,0
BRDA:32,3,0,0
BRDA:32,3,1,0
BRF:6
BRH:0
end_of_record
TN:
SF:/Users/mohamedtaha/Desktop/work/marhaba-defi/nft_souq_contracts/diamon-2-hardhat/contracts/upgradeInitializers/DiamondInit.sol
FN:25,init
FNF:1
FNH:0
FNDA:0,init
DA:27,0
DA:28,0
DA:29,0
DA:30,0
DA:31,0
LF:5
LH:0
BRF:0
BRH:0
end_of_record
